<!DOCTYPE html>

<html>
  <head>
  <meta charset='utf-8'>
  <title>TestNG reports</title>

    <link type="text/css" href="testng-reports.css" rel="stylesheet" />
    <script type="text/javascript" src="jquery-1.7.1.min.js"></script>
    <script type="text/javascript" src="testng-reports.js"></script>
    <script type="text/javascript" src="https://www.google.com/jsapi"></script>
    <script type='text/javascript'>
      google.load('visualization', '1', {packages:['table']});
      google.setOnLoadCallback(drawTable);
      var suiteTableInitFunctions = new Array();
      var suiteTableData = new Array();
    </script>
    <!--
      <script type="text/javascript" src="jquery-ui/js/jquery-ui-1.8.16.custom.min.js"></script>
     -->
  </head>

  <body>
    <div class="top-banner-root">
      <span class="top-banner-title-font">Test results</span>
      <br/>
      <span class="top-banner-font-1">1 suite, 1 failed test</span>
    </div> <!-- top-banner-root -->
    <div class="navigator-root">
      <div class="navigator-suite-header">
        <span>All suites</span>
        <a href="#" class="collapse-all-link" title="Collapse/expand all the suites">
          <img class="collapse-all-icon" src="collapseall.gif">
          </img> <!-- collapse-all-icon -->
        </a> <!-- collapse-all-link -->
      </div> <!-- navigator-suite-header -->
      <div class="suite">
        <div class="rounded-window">
          <div class="suite-header light-rounded-window-top">
            <a href="#" class="navigator-link" panel-name="suite-Pre-Cofig_Test_Suite">
              <span class="suite-name border-failed">Pre-Cofig Test Suite</span>
            </a> <!-- navigator-link -->
          </div> <!-- suite-header light-rounded-window-top -->
          <div class="navigator-suite-content">
            <div class="suite-section-title">
              <span>Info</span>
            </div> <!-- suite-section-title -->
            <div class="suite-section-content">
              <ul>
                <li>
                  <a href="#" class="navigator-link " panel-name="test-xml-Pre-Cofig_Test_Suite">
                    <span>C:\Selenium\PreConfig\testsuite.xml</span>
                  </a> <!-- navigator-link  -->
                </li>
                <li>
                  <a href="#" class="navigator-link " panel-name="testlist-Pre-Cofig_Test_Suite">
                    <span class="test-stats">17 tests</span>
                  </a> <!-- navigator-link  -->
                </li>
                <li>
                  <a href="#" class="navigator-link " panel-name="group-Pre-Cofig_Test_Suite">
                    <span>1 group</span>
                  </a> <!-- navigator-link  -->
                </li>
                <li>
                  <a href="#" class="navigator-link " panel-name="times-Pre-Cofig_Test_Suite">
                    <span>Times</span>
                  </a> <!-- navigator-link  -->
                </li>
                <li>
                  <a href="#" class="navigator-link " panel-name="reporter-Pre-Cofig_Test_Suite">
                    <span>Reporter output</span>
                  </a> <!-- navigator-link  -->
                </li>
                <li>
                  <a href="#" class="navigator-link " panel-name="ignored-methods-Pre-Cofig_Test_Suite">
                    <span>Ignored methods</span>
                  </a> <!-- navigator-link  -->
                </li>
                <li>
                  <a href="#" class="navigator-link " panel-name="chronological-Pre-Cofig_Test_Suite">
                    <span>Chronological view</span>
                  </a> <!-- navigator-link  -->
                </li>
              </ul>
            </div> <!-- suite-section-content -->
            <div class="result-section">
              <div class="suite-section-title">
                <span>Results</span>
              </div> <!-- suite-section-title -->
              <div class="suite-section-content">
                <ul>
                  <li>
                    <span class="method-stats">17 methods, 1 failed,   16 passed</span>
                  </li>
                  <li>
                    <span class="method-list-title failed">Failed methods</span>
                    <span class="show-or-hide-methods failed">
                      <a href="#" panel-name="suite-Pre-Cofig_Test_Suite" class="hide-methods failed suite-Pre-Cofig_Test_Suite"> (hide)</a> <!-- hide-methods failed suite-Pre-Cofig_Test_Suite -->
                      <a href="#" panel-name="suite-Pre-Cofig_Test_Suite" class="show-methods failed suite-Pre-Cofig_Test_Suite"> (show)</a> <!-- show-methods failed suite-Pre-Cofig_Test_Suite -->
                    </span>
                    <div class="method-list-content failed suite-Pre-Cofig_Test_Suite">
                      <span>
                        <img width="3%" src="failed.png"/>
                        <a href="#" class="method navigator-link" panel-name="suite-Pre-Cofig_Test_Suite" title="testrunners.EditVerticalTestCase" hash-for-method="feature(Edit existing Vertical Test Case)">feature(Edit existing Vertical Test Case)</a> <!-- method navigator-link -->
                      </span>
                      <br/>
                    </div> <!-- method-list-content failed suite-Pre-Cofig_Test_Suite -->
                  </li>
                  <li>
                    <span class="method-list-title passed">Passed methods</span>
                    <span class="show-or-hide-methods passed">
                      <a href="#" panel-name="suite-Pre-Cofig_Test_Suite" class="hide-methods passed suite-Pre-Cofig_Test_Suite"> (hide)</a> <!-- hide-methods passed suite-Pre-Cofig_Test_Suite -->
                      <a href="#" panel-name="suite-Pre-Cofig_Test_Suite" class="show-methods passed suite-Pre-Cofig_Test_Suite"> (show)</a> <!-- show-methods passed suite-Pre-Cofig_Test_Suite -->
                    </span>
                    <div class="method-list-content passed suite-Pre-Cofig_Test_Suite">
                      <span>
                        <img width="3%" src="passed.png"/>
                        <a href="#" class="method navigator-link" panel-name="suite-Pre-Cofig_Test_Suite" title="testrunners.LoginTestCase" hash-for-method="feature(Login Test Case)">feature(Login Test Case)</a> <!-- method navigator-link -->
                      </span>
                      <br/>
                      <span>
                        <img width="3%" src="passed.png"/>
                        <a href="#" class="method navigator-link" panel-name="suite-Pre-Cofig_Test_Suite" title="testrunners.AddNewVerticalTestCase" hash-for-method="feature(Add new Vertical Test Case)">feature(Add new Vertical Test Case)</a> <!-- method navigator-link -->
                      </span>
                      <br/>
                      <span>
                        <img width="3%" src="passed.png"/>
                        <a href="#" class="method navigator-link" panel-name="suite-Pre-Cofig_Test_Suite" title="testrunners.DeleteVerticalTestCase" hash-for-method="feature(Delete existing Vertical Test Case)">feature(Delete existing Vertical Test Case)</a> <!-- method navigator-link -->
                      </span>
                      <br/>
                      <span>
                        <img width="3%" src="passed.png"/>
                        <a href="#" class="method navigator-link" panel-name="suite-Pre-Cofig_Test_Suite" title="testrunners.AddNewFunctionTestCase" hash-for-method="feature(Add new Function Test Case)">feature(Add new Function Test Case)</a> <!-- method navigator-link -->
                      </span>
                      <br/>
                      <span>
                        <img width="3%" src="passed.png"/>
                        <a href="#" class="method navigator-link" panel-name="suite-Pre-Cofig_Test_Suite" title="testrunners.EditFunctionTestCase" hash-for-method="feature(Edit existing Function Test Case)">feature(Edit existing Function Test Case)</a> <!-- method navigator-link -->
                      </span>
                      <br/>
                      <span>
                        <img width="3%" src="passed.png"/>
                        <a href="#" class="method navigator-link" panel-name="suite-Pre-Cofig_Test_Suite" title="testrunners.DeleteFunctionTestCase" hash-for-method="feature(Delete existing Function Test Case)">feature(Delete existing Function Test Case)</a> <!-- method navigator-link -->
                      </span>
                      <br/>
                      <span>
                        <img width="3%" src="passed.png"/>
                        <a href="#" class="method navigator-link" panel-name="suite-Pre-Cofig_Test_Suite" title="testrunners.LinkFunctionToVertical" hash-for-method="feature(Add Function to Vertical Test Case)">feature(Add Function to Vertical Test Case)</a> <!-- method navigator-link -->
                      </span>
                      <br/>
                      <span>
                        <img width="3%" src="passed.png"/>
                        <a href="#" class="method navigator-link" panel-name="suite-Pre-Cofig_Test_Suite" title="testrunners.AddNewNodeTypeTestCase" hash-for-method="feature(Add new Node Type Test Case)">feature(Add new Node Type Test Case)</a> <!-- method navigator-link -->
                      </span>
                      <br/>
                      <span>
                        <img width="3%" src="passed.png"/>
                        <a href="#" class="method navigator-link" panel-name="suite-Pre-Cofig_Test_Suite" title="testrunners.EditNodeTypeTestcase" hash-for-method="feature(Edit existing Node Type Test Case)">feature(Edit existing Node Type Test Case)</a> <!-- method navigator-link -->
                      </span>
                      <br/>
                      <span>
                        <img width="3%" src="passed.png"/>
                        <a href="#" class="method navigator-link" panel-name="suite-Pre-Cofig_Test_Suite" title="testrunners.DeleteNodeTypeTestCase" hash-for-method="feature(Delete existing Node Type Test Case)">feature(Delete existing Node Type Test Case)</a> <!-- method navigator-link -->
                      </span>
                      <br/>
                      <span>
                        <img width="3%" src="passed.png"/>
                        <a href="#" class="method navigator-link" panel-name="suite-Pre-Cofig_Test_Suite" title="testrunners.AddNewAttributeTestCase" hash-for-method="feature(Add New Attribute Test Case)">feature(Add New Attribute Test Case)</a> <!-- method navigator-link -->
                      </span>
                      <br/>
                      <span>
                        <img width="3%" src="passed.png"/>
                        <a href="#" class="method navigator-link" panel-name="suite-Pre-Cofig_Test_Suite" title="testrunners.EditAttributeTestCase" hash-for-method="feature(Edit Existing Attribute Test Case)">feature(Edit Existing Attribute Test Case)</a> <!-- method navigator-link -->
                      </span>
                      <br/>
                      <span>
                        <img width="3%" src="passed.png"/>
                        <a href="#" class="method navigator-link" panel-name="suite-Pre-Cofig_Test_Suite" title="testrunners.DeleteAttributeTestCase" hash-for-method="feature(Delete existing Attribute Test Case)">feature(Delete existing Attribute Test Case)</a> <!-- method navigator-link -->
                      </span>
                      <br/>
                      <span>
                        <img width="3%" src="passed.png"/>
                        <a href="#" class="method navigator-link" panel-name="suite-Pre-Cofig_Test_Suite" title="testrunners.AddNewAttributeGroupTestCase" hash-for-method="feature(Add New Attribute Group Test Case)">feature(Add New Attribute Group Test Case)</a> <!-- method navigator-link -->
                      </span>
                      <br/>
                      <span>
                        <img width="3%" src="passed.png"/>
                        <a href="#" class="method navigator-link" panel-name="suite-Pre-Cofig_Test_Suite" title="testrunners.EditAttributeGroupTestCase" hash-for-method="feature(Edit Existing Attribute Group Test Case)">feature(Edit Existing Attribute Group Test Case)</a> <!-- method navigator-link -->
                      </span>
                      <br/>
                      <span>
                        <img width="3%" src="passed.png"/>
                        <a href="#" class="method navigator-link" panel-name="suite-Pre-Cofig_Test_Suite" title="testrunners.DeleteAttributeGroupTestCase" hash-for-method="feature(Delete Existing Attribute Group Test Case)">feature(Delete Existing Attribute Group Test Case)</a> <!-- method navigator-link -->
                      </span>
                      <br/>
                    </div> <!-- method-list-content passed suite-Pre-Cofig_Test_Suite -->
                  </li>
                </ul>
              </div> <!-- suite-section-content -->
            </div> <!-- result-section -->
          </div> <!-- navigator-suite-content -->
        </div> <!-- rounded-window -->
      </div> <!-- suite -->
    </div> <!-- navigator-root -->
    <div class="wrapper">
      <div class="main-panel-root">
        <div panel-name="suite-Pre-Cofig_Test_Suite" class="panel Pre-Cofig_Test_Suite">
          <div class="suite-Pre-Cofig_Test_Suite-class-failed">
            <div class="main-panel-header rounded-window-top">
              <img src="failed.png"/>
              <span class="class-name">testrunners.EditVerticalTestCase</span>
            </div> <!-- main-panel-header rounded-window-top -->
            <div class="main-panel-content rounded-window-bottom">
              <div class="method">
                <div class="method-content">
                  <a name="feature(Edit existing Vertical Test Case)">
                  </a> <!-- feature(Edit existing Vertical Test Case) -->
                  <span class="method-name">feature</span>
                  <span class="parameters">(Edit existing Vertical Test Case)</span>
                  <div class="stack-trace">cucumber.runtime.CucumberException: java.lang.AssertionError
	at cucumber.api.testng.TestNGCucumberRunner.runCucumber(TestNGCucumberRunner.java:69)
	at cucumber.api.testng.AbstractTestNGCucumberTests.feature(AbstractTestNGCucumberTests.java:21)
Caused by: java.lang.AssertionError
	at org.junit.Assert.fail(Assert.java:87)
	at org.junit.Assert.assertTrue(Assert.java:42)
	at org.junit.Assert.assertTrue(Assert.java:53)
	at com.qa.stepDefinitions.PreCofigLibrary.user_should_see_modified_vertical(PreCofigLibrary.java:183)
	at âœ½.Then user should see modified vertical &quot;Edit new Vertical test&quot;(C:/Selenium/PreConfig/src/main/java/com/qa/features/editvertical.feature:23)
... Removed 25 stack frames
</div> <!-- stack-trace -->
                  <em>
(Runs Cucumber Feature)                  </em>
                </div> <!-- method-content -->
              </div> <!-- method -->
            </div> <!-- main-panel-content rounded-window-bottom -->
          </div> <!-- suite-Pre-Cofig_Test_Suite-class-failed -->
          <div class="suite-Pre-Cofig_Test_Suite-class-passed">
            <div class="main-panel-header rounded-window-top">
              <img src="passed.png"/>
              <span class="class-name">testrunners.EditFunctionTestCase</span>
            </div> <!-- main-panel-header rounded-window-top -->
            <div class="main-panel-content rounded-window-bottom">
              <div class="method">
                <div class="method-content">
                  <a name="feature(Edit existing Function Test Case)">
                  </a> <!-- feature(Edit existing Function Test Case) -->
                  <span class="method-name">feature</span>
                  <span class="parameters">(Edit existing Function Test Case)</span>
                  <em>
(Runs Cucumber Feature)                  </em>
                </div> <!-- method-content -->
              </div> <!-- method -->
            </div> <!-- main-panel-content rounded-window-bottom -->
          </div> <!-- suite-Pre-Cofig_Test_Suite-class-passed -->
          <div class="suite-Pre-Cofig_Test_Suite-class-passed">
            <div class="main-panel-header rounded-window-top">
              <img src="passed.png"/>
              <span class="class-name">testrunners.LoginTestCase</span>
            </div> <!-- main-panel-header rounded-window-top -->
            <div class="main-panel-content rounded-window-bottom">
              <div class="method">
                <div class="method-content">
                  <a name="feature(Login Test Case)">
                  </a> <!-- feature(Login Test Case) -->
                  <span class="method-name">feature</span>
                  <span class="parameters">(Login Test Case)</span>
                  <em>
(Runs Cucumber Feature)                  </em>
                </div> <!-- method-content -->
              </div> <!-- method -->
            </div> <!-- main-panel-content rounded-window-bottom -->
          </div> <!-- suite-Pre-Cofig_Test_Suite-class-passed -->
          <div class="suite-Pre-Cofig_Test_Suite-class-passed">
            <div class="main-panel-header rounded-window-top">
              <img src="passed.png"/>
              <span class="class-name">testrunners.DeleteNodeTypeTestCase</span>
            </div> <!-- main-panel-header rounded-window-top -->
            <div class="main-panel-content rounded-window-bottom">
              <div class="method">
                <div class="method-content">
                  <a name="feature(Delete existing Node Type Test Case)">
                  </a> <!-- feature(Delete existing Node Type Test Case) -->
                  <span class="method-name">feature</span>
                  <span class="parameters">(Delete existing Node Type Test Case)</span>
                  <em>
(Runs Cucumber Feature)                  </em>
                </div> <!-- method-content -->
              </div> <!-- method -->
            </div> <!-- main-panel-content rounded-window-bottom -->
          </div> <!-- suite-Pre-Cofig_Test_Suite-class-passed -->
          <div class="suite-Pre-Cofig_Test_Suite-class-passed">
            <div class="main-panel-header rounded-window-top">
              <img src="passed.png"/>
              <span class="class-name">testrunners.AddNewAttributeTestCase</span>
            </div> <!-- main-panel-header rounded-window-top -->
            <div class="main-panel-content rounded-window-bottom">
              <div class="method">
                <div class="method-content">
                  <a name="feature(Add New Attribute Test Case)">
                  </a> <!-- feature(Add New Attribute Test Case) -->
                  <span class="method-name">feature</span>
                  <span class="parameters">(Add New Attribute Test Case)</span>
                  <em>
(Runs Cucumber Feature)                  </em>
                </div> <!-- method-content -->
              </div> <!-- method -->
            </div> <!-- main-panel-content rounded-window-bottom -->
          </div> <!-- suite-Pre-Cofig_Test_Suite-class-passed -->
          <div class="suite-Pre-Cofig_Test_Suite-class-passed">
            <div class="main-panel-header rounded-window-top">
              <img src="passed.png"/>
              <span class="class-name">testrunners.AddNewVerticalTestCase</span>
            </div> <!-- main-panel-header rounded-window-top -->
            <div class="main-panel-content rounded-window-bottom">
              <div class="method">
                <div class="method-content">
                  <a name="feature(Add new Vertical Test Case)">
                  </a> <!-- feature(Add new Vertical Test Case) -->
                  <span class="method-name">feature</span>
                  <span class="parameters">(Add new Vertical Test Case)</span>
                  <em>
(Runs Cucumber Feature)                  </em>
                </div> <!-- method-content -->
              </div> <!-- method -->
            </div> <!-- main-panel-content rounded-window-bottom -->
          </div> <!-- suite-Pre-Cofig_Test_Suite-class-passed -->
          <div class="suite-Pre-Cofig_Test_Suite-class-passed">
            <div class="main-panel-header rounded-window-top">
              <img src="passed.png"/>
              <span class="class-name">testrunners.AddNewNodeTypeTestCase</span>
            </div> <!-- main-panel-header rounded-window-top -->
            <div class="main-panel-content rounded-window-bottom">
              <div class="method">
                <div class="method-content">
                  <a name="feature(Add new Node Type Test Case)">
                  </a> <!-- feature(Add new Node Type Test Case) -->
                  <span class="method-name">feature</span>
                  <span class="parameters">(Add new Node Type Test Case)</span>
                  <em>
(Runs Cucumber Feature)                  </em>
                </div> <!-- method-content -->
              </div> <!-- method -->
            </div> <!-- main-panel-content rounded-window-bottom -->
          </div> <!-- suite-Pre-Cofig_Test_Suite-class-passed -->
          <div class="suite-Pre-Cofig_Test_Suite-class-passed">
            <div class="main-panel-header rounded-window-top">
              <img src="passed.png"/>
              <span class="class-name">testrunners.EditNodeTypeTestcase</span>
            </div> <!-- main-panel-header rounded-window-top -->
            <div class="main-panel-content rounded-window-bottom">
              <div class="method">
                <div class="method-content">
                  <a name="feature(Edit existing Node Type Test Case)">
                  </a> <!-- feature(Edit existing Node Type Test Case) -->
                  <span class="method-name">feature</span>
                  <span class="parameters">(Edit existing Node Type Test Case)</span>
                  <em>
(Runs Cucumber Feature)                  </em>
                </div> <!-- method-content -->
              </div> <!-- method -->
            </div> <!-- main-panel-content rounded-window-bottom -->
          </div> <!-- suite-Pre-Cofig_Test_Suite-class-passed -->
          <div class="suite-Pre-Cofig_Test_Suite-class-passed">
            <div class="main-panel-header rounded-window-top">
              <img src="passed.png"/>
              <span class="class-name">testrunners.DeleteAttributeTestCase</span>
            </div> <!-- main-panel-header rounded-window-top -->
            <div class="main-panel-content rounded-window-bottom">
              <div class="method">
                <div class="method-content">
                  <a name="feature(Delete existing Attribute Test Case)">
                  </a> <!-- feature(Delete existing Attribute Test Case) -->
                  <span class="method-name">feature</span>
                  <span class="parameters">(Delete existing Attribute Test Case)</span>
                  <em>
(Runs Cucumber Feature)                  </em>
                </div> <!-- method-content -->
              </div> <!-- method -->
            </div> <!-- main-panel-content rounded-window-bottom -->
          </div> <!-- suite-Pre-Cofig_Test_Suite-class-passed -->
          <div class="suite-Pre-Cofig_Test_Suite-class-passed">
            <div class="main-panel-header rounded-window-top">
              <img src="passed.png"/>
              <span class="class-name">testrunners.AddNewAttributeGroupTestCase</span>
            </div> <!-- main-panel-header rounded-window-top -->
            <div class="main-panel-content rounded-window-bottom">
              <div class="method">
                <div class="method-content">
                  <a name="feature(Add New Attribute Group Test Case)">
                  </a> <!-- feature(Add New Attribute Group Test Case) -->
                  <span class="method-name">feature</span>
                  <span class="parameters">(Add New Attribute Group Test Case)</span>
                  <em>
(Runs Cucumber Feature)                  </em>
                </div> <!-- method-content -->
              </div> <!-- method -->
            </div> <!-- main-panel-content rounded-window-bottom -->
          </div> <!-- suite-Pre-Cofig_Test_Suite-class-passed -->
          <div class="suite-Pre-Cofig_Test_Suite-class-passed">
            <div class="main-panel-header rounded-window-top">
              <img src="passed.png"/>
              <span class="class-name">testrunners.DeleteVerticalTestCase</span>
            </div> <!-- main-panel-header rounded-window-top -->
            <div class="main-panel-content rounded-window-bottom">
              <div class="method">
                <div class="method-content">
                  <a name="feature(Delete existing Vertical Test Case)">
                  </a> <!-- feature(Delete existing Vertical Test Case) -->
                  <span class="method-name">feature</span>
                  <span class="parameters">(Delete existing Vertical Test Case)</span>
                  <em>
(Runs Cucumber Feature)                  </em>
                </div> <!-- method-content -->
              </div> <!-- method -->
            </div> <!-- main-panel-content rounded-window-bottom -->
          </div> <!-- suite-Pre-Cofig_Test_Suite-class-passed -->
          <div class="suite-Pre-Cofig_Test_Suite-class-passed">
            <div class="main-panel-header rounded-window-top">
              <img src="passed.png"/>
              <span class="class-name">testrunners.DeleteFunctionTestCase</span>
            </div> <!-- main-panel-header rounded-window-top -->
            <div class="main-panel-content rounded-window-bottom">
              <div class="method">
                <div class="method-content">
                  <a name="feature(Delete existing Function Test Case)">
                  </a> <!-- feature(Delete existing Function Test Case) -->
                  <span class="method-name">feature</span>
                  <span class="parameters">(Delete existing Function Test Case)</span>
                  <em>
(Runs Cucumber Feature)                  </em>
                </div> <!-- method-content -->
              </div> <!-- method -->
            </div> <!-- main-panel-content rounded-window-bottom -->
          </div> <!-- suite-Pre-Cofig_Test_Suite-class-passed -->
          <div class="suite-Pre-Cofig_Test_Suite-class-passed">
            <div class="main-panel-header rounded-window-top">
              <img src="passed.png"/>
              <span class="class-name">testrunners.EditAttributeGroupTestCase</span>
            </div> <!-- main-panel-header rounded-window-top -->
            <div class="main-panel-content rounded-window-bottom">
              <div class="method">
                <div class="method-content">
                  <a name="feature(Edit Existing Attribute Group Test Case)">
                  </a> <!-- feature(Edit Existing Attribute Group Test Case) -->
                  <span class="method-name">feature</span>
                  <span class="parameters">(Edit Existing Attribute Group Test Case)</span>
                  <em>
(Runs Cucumber Feature)                  </em>
                </div> <!-- method-content -->
              </div> <!-- method -->
            </div> <!-- main-panel-content rounded-window-bottom -->
          </div> <!-- suite-Pre-Cofig_Test_Suite-class-passed -->
          <div class="suite-Pre-Cofig_Test_Suite-class-passed">
            <div class="main-panel-header rounded-window-top">
              <img src="passed.png"/>
              <span class="class-name">testrunners.AddNewFunctionTestCase</span>
            </div> <!-- main-panel-header rounded-window-top -->
            <div class="main-panel-content rounded-window-bottom">
              <div class="method">
                <div class="method-content">
                  <a name="feature(Add new Function Test Case)">
                  </a> <!-- feature(Add new Function Test Case) -->
                  <span class="method-name">feature</span>
                  <span class="parameters">(Add new Function Test Case)</span>
                  <em>
(Runs Cucumber Feature)                  </em>
                </div> <!-- method-content -->
              </div> <!-- method -->
            </div> <!-- main-panel-content rounded-window-bottom -->
          </div> <!-- suite-Pre-Cofig_Test_Suite-class-passed -->
          <div class="suite-Pre-Cofig_Test_Suite-class-passed">
            <div class="main-panel-header rounded-window-top">
              <img src="passed.png"/>
              <span class="class-name">testrunners.EditAttributeTestCase</span>
            </div> <!-- main-panel-header rounded-window-top -->
            <div class="main-panel-content rounded-window-bottom">
              <div class="method">
                <div class="method-content">
                  <a name="feature(Edit Existing Attribute Test Case)">
                  </a> <!-- feature(Edit Existing Attribute Test Case) -->
                  <span class="method-name">feature</span>
                  <span class="parameters">(Edit Existing Attribute Test Case)</span>
                  <em>
(Runs Cucumber Feature)                  </em>
                </div> <!-- method-content -->
              </div> <!-- method -->
            </div> <!-- main-panel-content rounded-window-bottom -->
          </div> <!-- suite-Pre-Cofig_Test_Suite-class-passed -->
          <div class="suite-Pre-Cofig_Test_Suite-class-passed">
            <div class="main-panel-header rounded-window-top">
              <img src="passed.png"/>
              <span class="class-name">testrunners.DeleteAttributeGroupTestCase</span>
            </div> <!-- main-panel-header rounded-window-top -->
            <div class="main-panel-content rounded-window-bottom">
              <div class="method">
                <div class="method-content">
                  <a name="feature(Delete Existing Attribute Group Test Case)">
                  </a> <!-- feature(Delete Existing Attribute Group Test Case) -->
                  <span class="method-name">feature</span>
                  <span class="parameters">(Delete Existing Attribute Group Test Case)</span>
                  <em>
(Runs Cucumber Feature)                  </em>
                </div> <!-- method-content -->
              </div> <!-- method -->
            </div> <!-- main-panel-content rounded-window-bottom -->
          </div> <!-- suite-Pre-Cofig_Test_Suite-class-passed -->
          <div class="suite-Pre-Cofig_Test_Suite-class-passed">
            <div class="main-panel-header rounded-window-top">
              <img src="passed.png"/>
              <span class="class-name">testrunners.LinkFunctionToVertical</span>
            </div> <!-- main-panel-header rounded-window-top -->
            <div class="main-panel-content rounded-window-bottom">
              <div class="method">
                <div class="method-content">
                  <a name="feature(Add Function to Vertical Test Case)">
                  </a> <!-- feature(Add Function to Vertical Test Case) -->
                  <span class="method-name">feature</span>
                  <span class="parameters">(Add Function to Vertical Test Case)</span>
                  <em>
(Runs Cucumber Feature)                  </em>
                </div> <!-- method-content -->
              </div> <!-- method -->
            </div> <!-- main-panel-content rounded-window-bottom -->
          </div> <!-- suite-Pre-Cofig_Test_Suite-class-passed -->
        </div> <!-- panel Pre-Cofig_Test_Suite -->
        <div panel-name="test-xml-Pre-Cofig_Test_Suite" class="panel">
          <div class="main-panel-header rounded-window-top">
            <span class="header-content">C:\Selenium\PreConfig\testsuite.xml</span>
          </div> <!-- main-panel-header rounded-window-top -->
          <div class="main-panel-content rounded-window-bottom">
            <pre>
&lt;?xml version=&quot;1.0&quot; encoding=&quot;UTF-8&quot;?&gt;
&lt;!DOCTYPE suite SYSTEM &quot;http://testng.org/testng-1.0.dtd&quot;&gt;
&lt;suite guice-stage=&quot;DEVELOPMENT&quot; name=&quot;Pre-Cofig Test Suite&quot;&gt;
  &lt;test name=&quot;Login Test Case&quot;&gt;
    &lt;classes&gt;
      &lt;class name=&quot;testrunners.LoginTestCase&quot;/&gt;
    &lt;/classes&gt;
  &lt;/test&gt; &lt;!-- Login Test Case --&gt;
  &lt;test name=&quot;Create Vertical Test Case&quot;&gt;
    &lt;classes&gt;
      &lt;class name=&quot;testrunners.AddNewVerticalTestCase&quot;/&gt;
    &lt;/classes&gt;
  &lt;/test&gt; &lt;!-- Create Vertical Test Case --&gt;
  &lt;test name=&quot;Edit existing Vertical Test Case&quot;&gt;
    &lt;classes&gt;
      &lt;class name=&quot;testrunners.EditVerticalTestCase&quot;/&gt;
    &lt;/classes&gt;
  &lt;/test&gt; &lt;!-- Edit existing Vertical Test Case --&gt;
  &lt;test name=&quot;Delete existing Vertical Test Case&quot;&gt;
    &lt;classes&gt;
      &lt;class name=&quot;testrunners.DeleteVerticalTestCase&quot;/&gt;
    &lt;/classes&gt;
  &lt;/test&gt; &lt;!-- Delete existing Vertical Test Case --&gt;
  &lt;test name=&quot;Create new Function Test Case&quot;&gt;
    &lt;classes&gt;
      &lt;class name=&quot;testrunners.AddNewFunctionTestCase&quot;/&gt;
    &lt;/classes&gt;
  &lt;/test&gt; &lt;!-- Create new Function Test Case --&gt;
  &lt;test name=&quot;Edit existing Function Test Case&quot;&gt;
    &lt;classes&gt;
      &lt;class name=&quot;testrunners.EditFunctionTestCase&quot;/&gt;
    &lt;/classes&gt;
  &lt;/test&gt; &lt;!-- Edit existing Function Test Case --&gt;
  &lt;test name=&quot;Delete existing Function Test Case&quot;&gt;
    &lt;classes&gt;
      &lt;class name=&quot;testrunners.DeleteFunctionTestCase&quot;/&gt;
    &lt;/classes&gt;
  &lt;/test&gt; &lt;!-- Delete existing Function Test Case --&gt;
  &lt;test name=&quot;Add Function to vertical Test Case&quot;&gt;
    &lt;classes&gt;
      &lt;class name=&quot;testrunners.LinkFunctionToVertical&quot;/&gt;
    &lt;/classes&gt;
  &lt;/test&gt; &lt;!-- Add Function to vertical Test Case --&gt;
  &lt;test name=&quot;Create new Node Type Test Case&quot;&gt;
    &lt;classes&gt;
      &lt;class name=&quot;testrunners.AddNewNodeTypeTestCase&quot;/&gt;
    &lt;/classes&gt;
  &lt;/test&gt; &lt;!-- Create new Node Type Test Case --&gt;
  &lt;test name=&quot;Edit existing Node Type Test Case&quot;&gt;
    &lt;classes&gt;
      &lt;class name=&quot;testrunners.EditNodeTypeTestcase&quot;/&gt;
    &lt;/classes&gt;
  &lt;/test&gt; &lt;!-- Edit existing Node Type Test Case --&gt;
  &lt;test name=&quot;Delete existing Node Type Test Case&quot;&gt;
    &lt;classes&gt;
      &lt;class name=&quot;testrunners.DeleteNodeTypeTestCase&quot;/&gt;
    &lt;/classes&gt;
  &lt;/test&gt; &lt;!-- Delete existing Node Type Test Case --&gt;
  &lt;test name=&quot;Creat New Attribute Test Case&quot;&gt;
    &lt;classes&gt;
      &lt;class name=&quot;testrunners.AddNewAttributeTestCase&quot;/&gt;
    &lt;/classes&gt;
  &lt;/test&gt; &lt;!-- Creat New Attribute Test Case --&gt;
  &lt;test name=&quot;Edit existing Attribute Test Case&quot;&gt;
    &lt;classes&gt;
      &lt;class name=&quot;testrunners.EditAttributeTestCase&quot;/&gt;
    &lt;/classes&gt;
  &lt;/test&gt; &lt;!-- Edit existing Attribute Test Case --&gt;
  &lt;test name=&quot;Delete existing Attribute Test Case&quot;&gt;
    &lt;classes&gt;
      &lt;class name=&quot;testrunners.DeleteAttributeTestCase&quot;/&gt;
    &lt;/classes&gt;
  &lt;/test&gt; &lt;!-- Delete existing Attribute Test Case --&gt;
  &lt;test name=&quot;Creat New Attribute Group Test Case&quot;&gt;
    &lt;classes&gt;
      &lt;class name=&quot;testrunners.AddNewAttributeGroupTestCase&quot;/&gt;
    &lt;/classes&gt;
  &lt;/test&gt; &lt;!-- Creat New Attribute Group Test Case --&gt;
  &lt;test name=&quot;Edit existing Attribute Group Test Case&quot;&gt;
    &lt;classes&gt;
      &lt;class name=&quot;testrunners.EditAttributeGroupTestCase&quot;/&gt;
    &lt;/classes&gt;
  &lt;/test&gt; &lt;!-- Edit existing Attribute Group Test Case --&gt;
  &lt;test name=&quot;Delete existing Attribute Group Test Case&quot;&gt;
    &lt;classes&gt;
      &lt;class name=&quot;testrunners.DeleteAttributeGroupTestCase&quot;/&gt;
    &lt;/classes&gt;
  &lt;/test&gt; &lt;!-- Delete existing Attribute Group Test Case --&gt;
&lt;/suite&gt; &lt;!-- Pre-Cofig Test Suite --&gt;
            </pre>
          </div> <!-- main-panel-content rounded-window-bottom -->
        </div> <!-- panel -->
        <div panel-name="testlist-Pre-Cofig_Test_Suite" class="panel">
          <div class="main-panel-header rounded-window-top">
            <span class="header-content">Tests for Pre-Cofig Test Suite</span>
          </div> <!-- main-panel-header rounded-window-top -->
          <div class="main-panel-content rounded-window-bottom">
            <ul>
              <li>
                <span class="test-name">Login Test Case (1 class)</span>
              </li>
              <li>
                <span class="test-name">Create Vertical Test Case (1 class)</span>
              </li>
              <li>
                <span class="test-name">Edit existing Vertical Test Case (1 class)</span>
              </li>
              <li>
                <span class="test-name">Delete existing Vertical Test Case (1 class)</span>
              </li>
              <li>
                <span class="test-name">Create new Function Test Case (1 class)</span>
              </li>
              <li>
                <span class="test-name">Edit existing Function Test Case (1 class)</span>
              </li>
              <li>
                <span class="test-name">Delete existing Function Test Case (1 class)</span>
              </li>
              <li>
                <span class="test-name">Add Function to vertical Test Case (1 class)</span>
              </li>
              <li>
                <span class="test-name">Create new Node Type Test Case (1 class)</span>
              </li>
              <li>
                <span class="test-name">Edit existing Node Type Test Case (1 class)</span>
              </li>
              <li>
                <span class="test-name">Delete existing Node Type Test Case (1 class)</span>
              </li>
              <li>
                <span class="test-name">Creat New Attribute Test Case (1 class)</span>
              </li>
              <li>
                <span class="test-name">Edit existing Attribute Test Case (1 class)</span>
              </li>
              <li>
                <span class="test-name">Delete existing Attribute Test Case (1 class)</span>
              </li>
              <li>
                <span class="test-name">Creat New Attribute Group Test Case (1 class)</span>
              </li>
              <li>
                <span class="test-name">Edit existing Attribute Group Test Case (1 class)</span>
              </li>
              <li>
                <span class="test-name">Delete existing Attribute Group Test Case (1 class)</span>
              </li>
            </ul>
          </div> <!-- main-panel-content rounded-window-bottom -->
        </div> <!-- panel -->
        <div panel-name="group-Pre-Cofig_Test_Suite" class="panel">
          <div class="main-panel-header rounded-window-top">
            <span class="header-content">Groups for Pre-Cofig Test Suite</span>
          </div> <!-- main-panel-header rounded-window-top -->
          <div class="main-panel-content rounded-window-bottom">
            <div class="test-group">
              <span class="test-group-name">cucumber</span>
              <br/>
              <div class="method-in-group">
                <span class="method-in-group-name">feature</span>
                <br/>
              </div> <!-- method-in-group -->
            </div> <!-- test-group -->
          </div> <!-- main-panel-content rounded-window-bottom -->
        </div> <!-- panel -->
        <div panel-name="times-Pre-Cofig_Test_Suite" class="panel">
          <div class="main-panel-header rounded-window-top">
            <span class="header-content">Times for Pre-Cofig Test Suite</span>
          </div> <!-- main-panel-header rounded-window-top -->
          <div class="main-panel-content rounded-window-bottom">
            <div class="times-div">
              <script type="text/javascript">
suiteTableInitFunctions.push('tableData_Pre-Cofig_Test_Suite');
function tableData_Pre-Cofig_Test_Suite() {
var data = new google.visualization.DataTable();
data.addColumn('number', 'Number');
data.addColumn('string', 'Method');
data.addColumn('string', 'Class');
data.addColumn('number', 'Time (ms)');
data.addRows(17);
data.setCell(0, 0, 0)
data.setCell(0, 1, 'feature')
data.setCell(0, 2, 'testrunners.EditAttributeTestCase')
data.setCell(0, 3, 70416);
data.setCell(1, 0, 1)
data.setCell(1, 1, 'feature')
data.setCell(1, 2, 'testrunners.AddNewVerticalTestCase')
data.setCell(1, 3, 68038);
data.setCell(2, 0, 2)
data.setCell(2, 1, 'feature')
data.setCell(2, 2, 'testrunners.EditAttributeGroupTestCase')
data.setCell(2, 3, 66771);
data.setCell(3, 0, 3)
data.setCell(3, 1, 'feature')
data.setCell(3, 2, 'testrunners.EditVerticalTestCase')
data.setCell(3, 3, 60008);
data.setCell(4, 0, 4)
data.setCell(4, 1, 'feature')
data.setCell(4, 2, 'testrunners.EditFunctionTestCase')
data.setCell(4, 3, 58000);
data.setCell(5, 0, 5)
data.setCell(5, 1, 'feature')
data.setCell(5, 2, 'testrunners.EditNodeTypeTestcase')
data.setCell(5, 3, 56869);
data.setCell(6, 0, 6)
data.setCell(6, 1, 'feature')
data.setCell(6, 2, 'testrunners.AddNewAttributeGroupTestCase')
data.setCell(6, 3, 56641);
data.setCell(7, 0, 7)
data.setCell(7, 1, 'feature')
data.setCell(7, 2, 'testrunners.AddNewAttributeTestCase')
data.setCell(7, 3, 53929);
data.setCell(8, 0, 8)
data.setCell(8, 1, 'feature')
data.setCell(8, 2, 'testrunners.LinkFunctionToVertical')
data.setCell(8, 3, 52062);
data.setCell(9, 0, 9)
data.setCell(9, 1, 'feature')
data.setCell(9, 2, 'testrunners.DeleteAttributeGroupTestCase')
data.setCell(9, 3, 45701);
data.setCell(10, 0, 10)
data.setCell(10, 1, 'feature')
data.setCell(10, 2, 'testrunners.DeleteAttributeTestCase')
data.setCell(10, 3, 43797);
data.setCell(11, 0, 11)
data.setCell(11, 1, 'feature')
data.setCell(11, 2, 'testrunners.DeleteNodeTypeTestCase')
data.setCell(11, 3, 42439);
data.setCell(12, 0, 12)
data.setCell(12, 1, 'feature')
data.setCell(12, 2, 'testrunners.DeleteFunctionTestCase')
data.setCell(12, 3, 41084);
data.setCell(13, 0, 13)
data.setCell(13, 1, 'feature')
data.setCell(13, 2, 'testrunners.AddNewFunctionTestCase')
data.setCell(13, 3, 40440);
data.setCell(14, 0, 14)
data.setCell(14, 1, 'feature')
data.setCell(14, 2, 'testrunners.DeleteVerticalTestCase')
data.setCell(14, 3, 38853);
data.setCell(15, 0, 15)
data.setCell(15, 1, 'feature')
data.setCell(15, 2, 'testrunners.AddNewNodeTypeTestCase')
data.setCell(15, 3, 38270);
data.setCell(16, 0, 16)
data.setCell(16, 1, 'feature')
data.setCell(16, 2, 'testrunners.LoginTestCase')
data.setCell(16, 3, 31641);
window.suiteTableData['Pre-Cofig_Test_Suite']= { tableData: data, tableDiv: 'times-div-Pre-Cofig_Test_Suite'}
return data;
}
              </script>
              <span class="suite-total-time">Total running time: 14 minutes</span>
              <div id="times-div-Pre-Cofig_Test_Suite">
              </div> <!-- times-div-Pre-Cofig_Test_Suite -->
            </div> <!-- times-div -->
          </div> <!-- main-panel-content rounded-window-bottom -->
        </div> <!-- panel -->
        <div panel-name="reporter-Pre-Cofig_Test_Suite" class="panel">
          <div class="main-panel-header rounded-window-top">
            <span class="header-content">Reporter output for Pre-Cofig Test Suite</span>
          </div> <!-- main-panel-header rounded-window-top -->
          <div class="main-panel-content rounded-window-bottom">
          </div> <!-- main-panel-content rounded-window-bottom -->
        </div> <!-- panel -->
        <div panel-name="ignored-methods-Pre-Cofig_Test_Suite" class="panel">
          <div class="main-panel-header rounded-window-top">
            <span class="header-content">0 ignored methods</span>
          </div> <!-- main-panel-header rounded-window-top -->
          <div class="main-panel-content rounded-window-bottom">
          </div> <!-- main-panel-content rounded-window-bottom -->
        </div> <!-- panel -->
        <div panel-name="chronological-Pre-Cofig_Test_Suite" class="panel">
          <div class="main-panel-header rounded-window-top">
            <span class="header-content">Methods in chronological order</span>
          </div> <!-- main-panel-header rounded-window-top -->
          <div class="main-panel-content rounded-window-bottom">
            <div class="chronological-class">
              <div class="chronological-class-name">testrunners.LoginTestCase</div> <!-- chronological-class-name -->
              <div class="configuration-class before">
                <span class="method-name">setUpClass</span>
                <span class="method-start">0 ms</span>
              </div> <!-- configuration-class before -->
              <div class="test-method">
                <span class="method-name">feature(Login Test Case)</span>
                <span class="method-start">210 ms</span>
              </div> <!-- test-method -->
              <div class="configuration-class after">
                <span class="method-name">tearDownClass</span>
                <span class="method-start">31853 ms</span>
              </div> <!-- configuration-class after -->
            </div> <!-- chronological-class -->
            <div class="chronological-class">
              <div class="chronological-class-name">testrunners.AddNewVerticalTestCase</div> <!-- chronological-class-name -->
              <div class="configuration-class before">
                <span class="method-name">setUpClass</span>
                <span class="method-start">32069 ms</span>
              </div> <!-- configuration-class before -->
              <div class="test-method">
                <span class="method-name">feature(Add new Vertical Test Case)</span>
                <span class="method-start">32091 ms</span>
              </div> <!-- test-method -->
              <div class="configuration-class after">
                <span class="method-name">tearDownClass</span>
                <span class="method-start">100130 ms</span>
              </div> <!-- configuration-class after -->
            </div> <!-- chronological-class -->
            <div class="chronological-class">
              <div class="chronological-class-name">testrunners.EditVerticalTestCase</div> <!-- chronological-class-name -->
              <div class="configuration-class before">
                <span class="method-name">setUpClass</span>
                <span class="method-start">100177 ms</span>
              </div> <!-- configuration-class before -->
              <div class="test-method">
                <img src="failed.png">
                </img>
                <span class="method-name">feature(Edit existing Vertical Test Case)</span>
                <span class="method-start">100188 ms</span>
              </div> <!-- test-method -->
              <div class="configuration-class after">
                <span class="method-name">tearDownClass</span>
                <span class="method-start">160198 ms</span>
              </div> <!-- configuration-class after -->
            </div> <!-- chronological-class -->
            <div class="chronological-class">
              <div class="chronological-class-name">testrunners.DeleteVerticalTestCase</div> <!-- chronological-class-name -->
              <div class="configuration-class before">
                <span class="method-name">setUpClass</span>
                <span class="method-start">160265 ms</span>
              </div> <!-- configuration-class before -->
              <div class="test-method">
                <span class="method-name">feature(Delete existing Vertical Test Case)</span>
                <span class="method-start">160282 ms</span>
              </div> <!-- test-method -->
              <div class="configuration-class after">
                <span class="method-name">tearDownClass</span>
                <span class="method-start">199138 ms</span>
              </div> <!-- configuration-class after -->
            </div> <!-- chronological-class -->
            <div class="chronological-class">
              <div class="chronological-class-name">testrunners.AddNewFunctionTestCase</div> <!-- chronological-class-name -->
              <div class="configuration-class before">
                <span class="method-name">setUpClass</span>
                <span class="method-start">199208 ms</span>
              </div> <!-- configuration-class before -->
              <div class="test-method">
                <span class="method-name">feature(Add new Function Test Case)</span>
                <span class="method-start">199222 ms</span>
              </div> <!-- test-method -->
              <div class="configuration-class after">
                <span class="method-name">tearDownClass</span>
                <span class="method-start">239665 ms</span>
              </div> <!-- configuration-class after -->
            </div> <!-- chronological-class -->
            <div class="chronological-class">
              <div class="chronological-class-name">testrunners.EditFunctionTestCase</div> <!-- chronological-class-name -->
              <div class="configuration-class before">
                <span class="method-name">setUpClass</span>
                <span class="method-start">239768 ms</span>
              </div> <!-- configuration-class before -->
              <div class="test-method">
                <span class="method-name">feature(Edit existing Function Test Case)</span>
                <span class="method-start">239783 ms</span>
              </div> <!-- test-method -->
              <div class="configuration-class after">
                <span class="method-name">tearDownClass</span>
                <span class="method-start">297786 ms</span>
              </div> <!-- configuration-class after -->
            </div> <!-- chronological-class -->
            <div class="chronological-class">
              <div class="chronological-class-name">testrunners.DeleteFunctionTestCase</div> <!-- chronological-class-name -->
              <div class="configuration-class before">
                <span class="method-name">setUpClass</span>
                <span class="method-start">297848 ms</span>
              </div> <!-- configuration-class before -->
              <div class="test-method">
                <span class="method-name">feature(Delete existing Function Test Case)</span>
                <span class="method-start">297855 ms</span>
              </div> <!-- test-method -->
              <div class="configuration-class after">
                <span class="method-name">tearDownClass</span>
                <span class="method-start">338942 ms</span>
              </div> <!-- configuration-class after -->
            </div> <!-- chronological-class -->
            <div class="chronological-class">
              <div class="chronological-class-name">testrunners.LinkFunctionToVertical</div> <!-- chronological-class-name -->
              <div class="configuration-class before">
                <span class="method-name">setUpClass</span>
                <span class="method-start">339034 ms</span>
              </div> <!-- configuration-class before -->
              <div class="test-method">
                <span class="method-name">feature(Add Function to Vertical Test Case)</span>
                <span class="method-start">339041 ms</span>
              </div> <!-- test-method -->
              <div class="configuration-class after">
                <span class="method-name">tearDownClass</span>
                <span class="method-start">391105 ms</span>
              </div> <!-- configuration-class after -->
            </div> <!-- chronological-class -->
            <div class="chronological-class">
              <div class="chronological-class-name">testrunners.AddNewNodeTypeTestCase</div> <!-- chronological-class-name -->
              <div class="configuration-class before">
                <span class="method-name">setUpClass</span>
                <span class="method-start">391173 ms</span>
              </div> <!-- configuration-class before -->
              <div class="test-method">
                <span class="method-name">feature(Add new Node Type Test Case)</span>
                <span class="method-start">391181 ms</span>
              </div> <!-- test-method -->
              <div class="configuration-class after">
                <span class="method-name">tearDownClass</span>
                <span class="method-start">429451 ms</span>
              </div> <!-- configuration-class after -->
            </div> <!-- chronological-class -->
            <div class="chronological-class">
              <div class="chronological-class-name">testrunners.EditNodeTypeTestcase</div> <!-- chronological-class-name -->
              <div class="configuration-class before">
                <span class="method-name">setUpClass</span>
                <span class="method-start">429495 ms</span>
              </div> <!-- configuration-class before -->
              <div class="test-method">
                <span class="method-name">feature(Edit existing Node Type Test Case)</span>
                <span class="method-start">429507 ms</span>
              </div> <!-- test-method -->
              <div class="configuration-class after">
                <span class="method-name">tearDownClass</span>
                <span class="method-start">486376 ms</span>
              </div> <!-- configuration-class after -->
            </div> <!-- chronological-class -->
            <div class="chronological-class">
              <div class="chronological-class-name">testrunners.DeleteNodeTypeTestCase</div> <!-- chronological-class-name -->
              <div class="configuration-class before">
                <span class="method-name">setUpClass</span>
                <span class="method-start">486413 ms</span>
              </div> <!-- configuration-class before -->
              <div class="test-method">
                <span class="method-name">feature(Delete existing Node Type Test Case)</span>
                <span class="method-start">486423 ms</span>
              </div> <!-- test-method -->
              <div class="configuration-class after">
                <span class="method-name">tearDownClass</span>
                <span class="method-start">528864 ms</span>
              </div> <!-- configuration-class after -->
            </div> <!-- chronological-class -->
            <div class="chronological-class">
              <div class="chronological-class-name">testrunners.AddNewAttributeTestCase</div> <!-- chronological-class-name -->
              <div class="configuration-class before">
                <span class="method-name">setUpClass</span>
                <span class="method-start">528905 ms</span>
              </div> <!-- configuration-class before -->
              <div class="test-method">
                <span class="method-name">feature(Add New Attribute Test Case)</span>
                <span class="method-start">528915 ms</span>
              </div> <!-- test-method -->
              <div class="configuration-class after">
                <span class="method-name">tearDownClass</span>
                <span class="method-start">582849 ms</span>
              </div> <!-- configuration-class after -->
            </div> <!-- chronological-class -->
            <div class="chronological-class">
              <div class="chronological-class-name">testrunners.EditAttributeTestCase</div> <!-- chronological-class-name -->
              <div class="configuration-class before">
                <span class="method-name">setUpClass</span>
                <span class="method-start">582965 ms</span>
              </div> <!-- configuration-class before -->
              <div class="test-method">
                <span class="method-name">feature(Edit Existing Attribute Test Case)</span>
                <span class="method-start">582980 ms</span>
              </div> <!-- test-method -->
              <div class="configuration-class after">
                <span class="method-name">tearDownClass</span>
                <span class="method-start">653397 ms</span>
              </div> <!-- configuration-class after -->
            </div> <!-- chronological-class -->
            <div class="chronological-class">
              <div class="chronological-class-name">testrunners.DeleteAttributeTestCase</div> <!-- chronological-class-name -->
              <div class="configuration-class before">
                <span class="method-name">setUpClass</span>
                <span class="method-start">653452 ms</span>
              </div> <!-- configuration-class before -->
              <div class="test-method">
                <span class="method-name">feature(Delete existing Attribute Test Case)</span>
                <span class="method-start">653463 ms</span>
              </div> <!-- test-method -->
              <div class="configuration-class after">
                <span class="method-name">tearDownClass</span>
                <span class="method-start">697262 ms</span>
              </div> <!-- configuration-class after -->
            </div> <!-- chronological-class -->
            <div class="chronological-class">
              <div class="chronological-class-name">testrunners.AddNewAttributeGroupTestCase</div> <!-- chronological-class-name -->
              <div class="configuration-class before">
                <span class="method-name">setUpClass</span>
                <span class="method-start">697313 ms</span>
              </div> <!-- configuration-class before -->
              <div class="test-method">
                <span class="method-name">feature(Add New Attribute Group Test Case)</span>
                <span class="method-start">697324 ms</span>
              </div> <!-- test-method -->
              <div class="configuration-class after">
                <span class="method-name">tearDownClass</span>
                <span class="method-start">753969 ms</span>
              </div> <!-- configuration-class after -->
            </div> <!-- chronological-class -->
            <div class="chronological-class">
              <div class="chronological-class-name">testrunners.EditAttributeGroupTestCase</div> <!-- chronological-class-name -->
              <div class="configuration-class before">
                <span class="method-name">setUpClass</span>
                <span class="method-start">754027 ms</span>
              </div> <!-- configuration-class before -->
              <div class="test-method">
                <span class="method-name">feature(Edit Existing Attribute Group Test Case)</span>
                <span class="method-start">754032 ms</span>
              </div> <!-- test-method -->
              <div class="configuration-class after">
                <span class="method-name">tearDownClass</span>
                <span class="method-start">820804 ms</span>
              </div> <!-- configuration-class after -->
            </div> <!-- chronological-class -->
            <div class="chronological-class">
              <div class="chronological-class-name">testrunners.DeleteAttributeGroupTestCase</div> <!-- chronological-class-name -->
              <div class="configuration-class before">
                <span class="method-name">setUpClass</span>
                <span class="method-start">820916 ms</span>
              </div> <!-- configuration-class before -->
              <div class="test-method">
                <span class="method-name">feature(Delete Existing Attribute Group Test Case)</span>
                <span class="method-start">820921 ms</span>
              </div> <!-- test-method -->
              <div class="configuration-class after">
                <span class="method-name">tearDownClass</span>
                <span class="method-start">866623 ms</span>
              </div> <!-- configuration-class after -->
          </div> <!-- main-panel-content rounded-window-bottom -->
        </div> <!-- panel -->
      </div> <!-- main-panel-root -->
    </div> <!-- wrapper -->
  </body>
</html>
