<?xml version="1.0" encoding="UTF-8"?>
<testng-results skipped="0" failed="3" ignored="0" total="17" passed="14">
  <reporter-output>
  </reporter-output>
  <suite name="Pre-Cofig Test Suite" duration-ms="853523" started-at="2023-02-09T09:56:31Z" finished-at="2023-02-09T10:10:44Z">
    <groups>
      <group name="cucumber">
        <method signature="AbstractTestNGCucumberTests.feature(cucumber.api.testng.CucumberFeatureWrapper)[pri:0, instance:testrunners.LoginTestCase@239963d8]" name="feature" class="cucumber.api.testng.AbstractTestNGCucumberTests"/>
        <method signature="AbstractTestNGCucumberTests.feature(cucumber.api.testng.CucumberFeatureWrapper)[pri:0, instance:testrunners.AddNewVerticalTestCase@6e1567f1]" name="feature" class="cucumber.api.testng.AbstractTestNGCucumberTests"/>
        <method signature="AbstractTestNGCucumberTests.feature(cucumber.api.testng.CucumberFeatureWrapper)[pri:0, instance:testrunners.EditVerticalTestCase@25bbe1b6]" name="feature" class="cucumber.api.testng.AbstractTestNGCucumberTests"/>
        <method signature="AbstractTestNGCucumberTests.feature(cucumber.api.testng.CucumberFeatureWrapper)[pri:0, instance:testrunners.DeleteVerticalTestCase@5649fd9b]" name="feature" class="cucumber.api.testng.AbstractTestNGCucumberTests"/>
        <method signature="AbstractTestNGCucumberTests.feature(cucumber.api.testng.CucumberFeatureWrapper)[pri:0, instance:testrunners.AddNewFunctionTestCase@64bf3bbf]" name="feature" class="cucumber.api.testng.AbstractTestNGCucumberTests"/>
        <method signature="AbstractTestNGCucumberTests.feature(cucumber.api.testng.CucumberFeatureWrapper)[pri:0, instance:testrunners.EditFunctionTestCase@1e127982]" name="feature" class="cucumber.api.testng.AbstractTestNGCucumberTests"/>
        <method signature="AbstractTestNGCucumberTests.feature(cucumber.api.testng.CucumberFeatureWrapper)[pri:0, instance:testrunners.DeleteFunctionTestCase@21213b92]" name="feature" class="cucumber.api.testng.AbstractTestNGCucumberTests"/>
        <method signature="AbstractTestNGCucumberTests.feature(cucumber.api.testng.CucumberFeatureWrapper)[pri:0, instance:testrunners.LinkFunctionToVertical@5ec0a365]" name="feature" class="cucumber.api.testng.AbstractTestNGCucumberTests"/>
        <method signature="AbstractTestNGCucumberTests.feature(cucumber.api.testng.CucumberFeatureWrapper)[pri:0, instance:testrunners.AddNewNodeTypeTestCase@3632be31]" name="feature" class="cucumber.api.testng.AbstractTestNGCucumberTests"/>
        <method signature="AbstractTestNGCucumberTests.feature(cucumber.api.testng.CucumberFeatureWrapper)[pri:0, instance:testrunners.EditNodeTypeTestcase@370736d9]" name="feature" class="cucumber.api.testng.AbstractTestNGCucumberTests"/>
        <method signature="AbstractTestNGCucumberTests.feature(cucumber.api.testng.CucumberFeatureWrapper)[pri:0, instance:testrunners.DeleteNodeTypeTestCase@6c3708b3]" name="feature" class="cucumber.api.testng.AbstractTestNGCucumberTests"/>
        <method signature="AbstractTestNGCucumberTests.feature(cucumber.api.testng.CucumberFeatureWrapper)[pri:0, instance:testrunners.AddNewAttributeTestCase@6ddf90b0]" name="feature" class="cucumber.api.testng.AbstractTestNGCucumberTests"/>
        <method signature="AbstractTestNGCucumberTests.feature(cucumber.api.testng.CucumberFeatureWrapper)[pri:0, instance:testrunners.EditAttributeTestCase@7d907bac]" name="feature" class="cucumber.api.testng.AbstractTestNGCucumberTests"/>
        <method signature="AbstractTestNGCucumberTests.feature(cucumber.api.testng.CucumberFeatureWrapper)[pri:0, instance:testrunners.DeleteAttributeTestCase@4f970963]" name="feature" class="cucumber.api.testng.AbstractTestNGCucumberTests"/>
        <method signature="AbstractTestNGCucumberTests.feature(cucumber.api.testng.CucumberFeatureWrapper)[pri:0, instance:testrunners.AddNewAttributeGroupTestCase@47ef968d]" name="feature" class="cucumber.api.testng.AbstractTestNGCucumberTests"/>
        <method signature="AbstractTestNGCucumberTests.feature(cucumber.api.testng.CucumberFeatureWrapper)[pri:0, instance:testrunners.EditAttributeGroupTestCase@2b552920]" name="feature" class="cucumber.api.testng.AbstractTestNGCucumberTests"/>
        <method signature="AbstractTestNGCucumberTests.feature(cucumber.api.testng.CucumberFeatureWrapper)[pri:0, instance:testrunners.DeleteAttributeGroupTestCase@6e6c3152]" name="feature" class="cucumber.api.testng.AbstractTestNGCucumberTests"/>
      </group> <!-- cucumber -->
    </groups>
    <test name="Login Test Case" duration-ms="32433" started-at="2023-02-09T09:56:31Z" finished-at="2023-02-09T09:57:03Z">
      <class name="testrunners.LoginTestCase">
        <test-method status="PASS" signature="setUpClass()[pri:0, instance:testrunners.LoginTestCase@239963d8]" name="setUpClass" is-config="true" duration-ms="149" started-at="2023-02-09T15:26:31Z" finished-at="2023-02-09T15:26:31Z">
          <reporter-output>
          </reporter-output>
        </test-method> <!-- setUpClass -->
        <test-method status="PASS" signature="feature(cucumber.api.testng.CucumberFeatureWrapper)[pri:0, instance:testrunners.LoginTestCase@239963d8]" name="feature" duration-ms="31998" started-at="2023-02-09T15:26:31Z" description="Runs Cucumber Feature" data-provider="features" finished-at="2023-02-09T15:27:03Z">
          <params>
            <param index="0">
              <value>
                <![CDATA[Login Test Case]]>
              </value>
            </param>
          </params>
          <reporter-output>
          </reporter-output>
        </test-method> <!-- feature -->
        <test-method status="PASS" signature="tearDownClass()[pri:0, instance:testrunners.LoginTestCase@239963d8]" name="tearDownClass" is-config="true" duration-ms="223" started-at="2023-02-09T15:27:03Z" finished-at="2023-02-09T15:27:03Z">
          <reporter-output>
          </reporter-output>
        </test-method> <!-- tearDownClass -->
      </class> <!-- testrunners.LoginTestCase -->
    </test> <!-- Login Test Case -->
    <test name="Create Vertical Test Case" duration-ms="68164" started-at="2023-02-09T09:57:03Z" finished-at="2023-02-09T09:58:11Z">
      <class name="testrunners.AddNewVerticalTestCase">
        <test-method status="PASS" signature="setUpClass()[pri:0, instance:testrunners.AddNewVerticalTestCase@6e1567f1]" name="setUpClass" is-config="true" duration-ms="18" started-at="2023-02-09T15:27:03Z" finished-at="2023-02-09T15:27:03Z">
          <reporter-output>
          </reporter-output>
        </test-method> <!-- setUpClass -->
        <test-method status="PASS" signature="feature(cucumber.api.testng.CucumberFeatureWrapper)[pri:0, instance:testrunners.AddNewVerticalTestCase@6e1567f1]" name="feature" duration-ms="68089" started-at="2023-02-09T15:27:03Z" description="Runs Cucumber Feature" data-provider="features" finished-at="2023-02-09T15:28:11Z">
          <params>
            <param index="0">
              <value>
                <![CDATA[Add new Vertical Test Case]]>
              </value>
            </param>
          </params>
          <reporter-output>
          </reporter-output>
        </test-method> <!-- feature -->
        <test-method status="PASS" signature="tearDownClass()[pri:0, instance:testrunners.AddNewVerticalTestCase@6e1567f1]" name="tearDownClass" is-config="true" duration-ms="45" started-at="2023-02-09T15:28:11Z" finished-at="2023-02-09T15:28:11Z">
          <reporter-output>
          </reporter-output>
        </test-method> <!-- tearDownClass -->
      </class> <!-- testrunners.AddNewVerticalTestCase -->
    </test> <!-- Create Vertical Test Case -->
    <test name="Edit existing Vertical Test Case" duration-ms="60465" started-at="2023-02-09T09:58:11Z" finished-at="2023-02-09T09:59:12Z">
      <class name="testrunners.EditVerticalTestCase">
        <test-method status="PASS" signature="setUpClass()[pri:0, instance:testrunners.EditVerticalTestCase@25bbe1b6]" name="setUpClass" is-config="true" duration-ms="12" started-at="2023-02-09T15:28:11Z" finished-at="2023-02-09T15:28:11Z">
          <reporter-output>
          </reporter-output>
        </test-method> <!-- setUpClass -->
        <test-method status="FAIL" signature="feature(cucumber.api.testng.CucumberFeatureWrapper)[pri:0, instance:testrunners.EditVerticalTestCase@25bbe1b6]" name="feature" duration-ms="60391" started-at="2023-02-09T15:28:11Z" description="Runs Cucumber Feature" data-provider="features" finished-at="2023-02-09T15:29:12Z">
          <params>
            <param index="0">
              <value>
                <![CDATA[Edit existing Vertical Test Case]]>
              </value>
            </param>
          </params>
          <exception class="cucumber.runtime.CucumberException">
            <message>
              <![CDATA[java.lang.AssertionError]]>
            </message>
            <full-stacktrace>
              <![CDATA[cucumber.runtime.CucumberException: java.lang.AssertionError
	at cucumber.api.testng.TestNGCucumberRunner.runCucumber(TestNGCucumberRunner.java:69)
	at cucumber.api.testng.AbstractTestNGCucumberTests.feature(AbstractTestNGCucumberTests.java:21)
	at sun.reflect.NativeMethodAccessorImpl.invoke0(Native Method)
	at sun.reflect.NativeMethodAccessorImpl.invoke(Unknown Source)
	at sun.reflect.DelegatingMethodAccessorImpl.invoke(Unknown Source)
	at java.lang.reflect.Method.invoke(Unknown Source)
	at org.testng.internal.MethodInvocationHelper.invokeMethod(MethodInvocationHelper.java:108)
	at org.testng.internal.Invoker.invokeMethod(Invoker.java:661)
	at org.testng.internal.Invoker.invokeTestMethod(Invoker.java:869)
	at org.testng.internal.Invoker.invokeTestMethods(Invoker.java:1193)
	at org.testng.internal.TestMethodWorker.invokeTestMethods(TestMethodWorker.java:126)
	at org.testng.internal.TestMethodWorker.run(TestMethodWorker.java:109)
	at org.testng.TestRunner.privateRun(TestRunner.java:744)
	at org.testng.TestRunner.run(TestRunner.java:602)
	at org.testng.SuiteRunner.runTest(SuiteRunner.java:380)
	at org.testng.SuiteRunner.runSequentially(SuiteRunner.java:375)
	at org.testng.SuiteRunner.privateRun(SuiteRunner.java:340)
	at org.testng.SuiteRunner.run(SuiteRunner.java:289)
	at org.testng.SuiteRunnerWorker.runSuite(SuiteRunnerWorker.java:52)
	at org.testng.SuiteRunnerWorker.run(SuiteRunnerWorker.java:86)
	at org.testng.TestNG.runSuitesSequentially(TestNG.java:1301)
	at org.testng.TestNG.runSuitesLocally(TestNG.java:1226)
	at org.testng.TestNG.runSuites(TestNG.java:1144)
	at org.testng.TestNG.run(TestNG.java:1115)
	at org.testng.remote.AbstractRemoteTestNG.run(AbstractRemoteTestNG.java:132)
	at org.testng.remote.RemoteTestNG.initAndRun(RemoteTestNG.java:230)
	at org.testng.remote.RemoteTestNG.main(RemoteTestNG.java:76)
Caused by: java.lang.AssertionError
	at org.junit.Assert.fail(Assert.java:87)
	at org.junit.Assert.assertTrue(Assert.java:42)
	at org.junit.Assert.assertTrue(Assert.java:53)
	at com.qa.stepDefinitions.PreCofigLibrary.user_should_see_modified_vertical(PreCofigLibrary.java:183)
	at ✽.Then user should see modified vertical "Edit new Vertical test"(C:/Selenium/PreConfig/src/main/java/com/qa/features/editvertical.feature:23)
]]>
            </full-stacktrace>
          </exception> <!-- cucumber.runtime.CucumberException -->
          <reporter-output>
          </reporter-output>
        </test-method> <!-- feature -->
        <test-method status="PASS" signature="tearDownClass()[pri:0, instance:testrunners.EditVerticalTestCase@25bbe1b6]" name="tearDownClass" is-config="true" duration-ms="52" started-at="2023-02-09T15:29:12Z" finished-at="2023-02-09T15:29:12Z">
          <reporter-output>
          </reporter-output>
        </test-method> <!-- tearDownClass -->
      </class> <!-- testrunners.EditVerticalTestCase -->
    </test> <!-- Edit existing Vertical Test Case -->
    <test name="Delete existing Vertical Test Case" duration-ms="12934" started-at="2023-02-09T09:59:12Z" finished-at="2023-02-09T09:59:25Z">
      <class name="testrunners.DeleteVerticalTestCase">
        <test-method status="PASS" signature="setUpClass()[pri:0, instance:testrunners.DeleteVerticalTestCase@5649fd9b]" name="setUpClass" is-config="true" duration-ms="5" started-at="2023-02-09T15:29:12Z" finished-at="2023-02-09T15:29:12Z">
          <reporter-output>
          </reporter-output>
        </test-method> <!-- setUpClass -->
        <test-method status="FAIL" signature="feature(cucumber.api.testng.CucumberFeatureWrapper)[pri:0, instance:testrunners.DeleteVerticalTestCase@5649fd9b]" name="feature" duration-ms="12799" started-at="2023-02-09T15:29:12Z" description="Runs Cucumber Feature" data-provider="features" finished-at="2023-02-09T15:29:24Z">
          <params>
            <param index="0">
              <value>
                <![CDATA[Delete existing Vertical Test Case]]>
              </value>
            </param>
          </params>
          <exception class="cucumber.runtime.CucumberException">
            <message>
              <![CDATA[cucumber.runtime.CucumberException: There are undefined steps]]>
            </message>
            <full-stacktrace>
              <![CDATA[cucumber.runtime.CucumberException: cucumber.runtime.CucumberException: There are undefined steps
	at cucumber.api.testng.TestNGCucumberRunner.runCucumber(TestNGCucumberRunner.java:69)
	at cucumber.api.testng.AbstractTestNGCucumberTests.feature(AbstractTestNGCucumberTests.java:21)
	at sun.reflect.NativeMethodAccessorImpl.invoke0(Native Method)
	at sun.reflect.NativeMethodAccessorImpl.invoke(Unknown Source)
	at sun.reflect.DelegatingMethodAccessorImpl.invoke(Unknown Source)
	at java.lang.reflect.Method.invoke(Unknown Source)
	at org.testng.internal.MethodInvocationHelper.invokeMethod(MethodInvocationHelper.java:108)
	at org.testng.internal.Invoker.invokeMethod(Invoker.java:661)
	at org.testng.internal.Invoker.invokeTestMethod(Invoker.java:869)
	at org.testng.internal.Invoker.invokeTestMethods(Invoker.java:1193)
	at org.testng.internal.TestMethodWorker.invokeTestMethods(TestMethodWorker.java:126)
	at org.testng.internal.TestMethodWorker.run(TestMethodWorker.java:109)
	at org.testng.TestRunner.privateRun(TestRunner.java:744)
	at org.testng.TestRunner.run(TestRunner.java:602)
	at org.testng.SuiteRunner.runTest(SuiteRunner.java:380)
	at org.testng.SuiteRunner.runSequentially(SuiteRunner.java:375)
	at org.testng.SuiteRunner.privateRun(SuiteRunner.java:340)
	at org.testng.SuiteRunner.run(SuiteRunner.java:289)
	at org.testng.SuiteRunnerWorker.runSuite(SuiteRunnerWorker.java:52)
	at org.testng.SuiteRunnerWorker.run(SuiteRunnerWorker.java:86)
	at org.testng.TestNG.runSuitesSequentially(TestNG.java:1301)
	at org.testng.TestNG.runSuitesLocally(TestNG.java:1226)
	at org.testng.TestNG.runSuites(TestNG.java:1144)
	at org.testng.TestNG.run(TestNG.java:1115)
	at org.testng.remote.AbstractRemoteTestNG.run(AbstractRemoteTestNG.java:132)
	at org.testng.remote.RemoteTestNG.initAndRun(RemoteTestNG.java:230)
	at org.testng.remote.RemoteTestNG.main(RemoteTestNG.java:76)
Caused by: cucumber.runtime.CucumberException: There are undefined steps
	at cucumber.api.testng.FeatureResultListener.collectError(FeatureResultListener.java:60)
	at cucumber.api.testng.FeatureResultListener.result(FeatureResultListener.java:45)
	at cucumber.runtime.Runtime.runStep(Runtime.java:282)
	at cucumber.runtime.model.StepContainer.runStep(StepContainer.java:44)
	at cucumber.runtime.model.StepContainer.runSteps(StepContainer.java:39)
	at cucumber.runtime.model.CucumberScenario.run(CucumberScenario.java:44)
	at cucumber.runtime.model.CucumberScenarioOutline.run(CucumberScenarioOutline.java:46)
	at cucumber.runtime.model.CucumberFeature.run(CucumberFeature.java:165)
	at cucumber.api.testng.TestNGCucumberRunner.runCucumber(TestNGCucumberRunner.java:63)
	... 26 more
]]>
            </full-stacktrace>
          </exception> <!-- cucumber.runtime.CucumberException -->
          <reporter-output>
          </reporter-output>
        </test-method> <!-- feature -->
        <test-method status="PASS" signature="tearDownClass()[pri:0, instance:testrunners.DeleteVerticalTestCase@5649fd9b]" name="tearDownClass" is-config="true" duration-ms="118" started-at="2023-02-09T15:29:24Z" finished-at="2023-02-09T15:29:25Z">
          <reporter-output>
          </reporter-output>
        </test-method> <!-- tearDownClass -->
      </class> <!-- testrunners.DeleteVerticalTestCase -->
    </test> <!-- Delete existing Vertical Test Case -->
    <test name="Create new Function Test Case" duration-ms="40808" started-at="2023-02-09T09:59:25Z" finished-at="2023-02-09T10:00:05Z">
      <class name="testrunners.AddNewFunctionTestCase">
        <test-method status="PASS" signature="setUpClass()[pri:0, instance:testrunners.AddNewFunctionTestCase@64bf3bbf]" name="setUpClass" is-config="true" duration-ms="13" started-at="2023-02-09T15:29:25Z" finished-at="2023-02-09T15:29:25Z">
          <reporter-output>
          </reporter-output>
        </test-method> <!-- setUpClass -->
        <test-method status="PASS" signature="feature(cucumber.api.testng.CucumberFeatureWrapper)[pri:0, instance:testrunners.AddNewFunctionTestCase@64bf3bbf]" name="feature" duration-ms="40741" started-at="2023-02-09T15:29:25Z" description="Runs Cucumber Feature" data-provider="features" finished-at="2023-02-09T15:30:05Z">
          <params>
            <param index="0">
              <value>
                <![CDATA[Add new Function Test Case]]>
              </value>
            </param>
          </params>
          <reporter-output>
          </reporter-output>
        </test-method> <!-- feature -->
        <test-method status="PASS" signature="tearDownClass()[pri:0, instance:testrunners.AddNewFunctionTestCase@64bf3bbf]" name="tearDownClass" is-config="true" duration-ms="42" started-at="2023-02-09T15:30:05Z" finished-at="2023-02-09T15:30:05Z">
          <reporter-output>
          </reporter-output>
        </test-method> <!-- tearDownClass -->
      </class> <!-- testrunners.AddNewFunctionTestCase -->
    </test> <!-- Create new Function Test Case -->
    <test name="Edit existing Function Test Case" duration-ms="57831" started-at="2023-02-09T10:00:05Z" finished-at="2023-02-09T10:01:03Z">
      <class name="testrunners.EditFunctionTestCase">
        <test-method status="PASS" signature="setUpClass()[pri:0, instance:testrunners.EditFunctionTestCase@1e127982]" name="setUpClass" is-config="true" duration-ms="13" started-at="2023-02-09T15:30:05Z" finished-at="2023-02-09T15:30:05Z">
          <reporter-output>
          </reporter-output>
        </test-method> <!-- setUpClass -->
        <test-method status="PASS" signature="feature(cucumber.api.testng.CucumberFeatureWrapper)[pri:0, instance:testrunners.EditFunctionTestCase@1e127982]" name="feature" duration-ms="57760" started-at="2023-02-09T15:30:05Z" description="Runs Cucumber Feature" data-provider="features" finished-at="2023-02-09T15:31:03Z">
          <params>
            <param index="0">
              <value>
                <![CDATA[Edit existing Function Test Case]]>
              </value>
            </param>
          </params>
          <reporter-output>
          </reporter-output>
        </test-method> <!-- feature -->
        <test-method status="PASS" signature="tearDownClass()[pri:0, instance:testrunners.EditFunctionTestCase@1e127982]" name="tearDownClass" is-config="true" duration-ms="47" started-at="2023-02-09T15:31:03Z" finished-at="2023-02-09T15:31:03Z">
          <reporter-output>
          </reporter-output>
        </test-method> <!-- tearDownClass -->
      </class> <!-- testrunners.EditFunctionTestCase -->
    </test> <!-- Edit existing Function Test Case -->
    <test name="Delete existing Function Test Case" duration-ms="41270" started-at="2023-02-09T10:01:03Z" finished-at="2023-02-09T10:01:44Z">
      <class name="testrunners.DeleteFunctionTestCase">
        <test-method status="PASS" signature="setUpClass()[pri:0, instance:testrunners.DeleteFunctionTestCase@21213b92]" name="setUpClass" is-config="true" duration-ms="11" started-at="2023-02-09T15:31:03Z" finished-at="2023-02-09T15:31:03Z">
          <reporter-output>
          </reporter-output>
        </test-method> <!-- setUpClass -->
        <test-method status="PASS" signature="feature(cucumber.api.testng.CucumberFeatureWrapper)[pri:0, instance:testrunners.DeleteFunctionTestCase@21213b92]" name="feature" duration-ms="41191" started-at="2023-02-09T15:31:03Z" description="Runs Cucumber Feature" data-provider="features" finished-at="2023-02-09T15:31:44Z">
          <params>
            <param index="0">
              <value>
                <![CDATA[Delete existing Function Test Case]]>
              </value>
            </param>
          </params>
          <reporter-output>
          </reporter-output>
        </test-method> <!-- feature -->
        <test-method status="PASS" signature="tearDownClass()[pri:0, instance:testrunners.DeleteFunctionTestCase@21213b92]" name="tearDownClass" is-config="true" duration-ms="60" started-at="2023-02-09T15:31:44Z" finished-at="2023-02-09T15:31:44Z">
          <reporter-output>
          </reporter-output>
        </test-method> <!-- tearDownClass -->
      </class> <!-- testrunners.DeleteFunctionTestCase -->
    </test> <!-- Delete existing Function Test Case -->
    <test name="Add Function to vertical Test Case" duration-ms="52353" started-at="2023-02-09T10:01:44Z" finished-at="2023-02-09T10:02:37Z">
      <class name="testrunners.LinkFunctionToVertical">
        <test-method status="PASS" signature="setUpClass()[pri:0, instance:testrunners.LinkFunctionToVertical@5ec0a365]" name="setUpClass" is-config="true" duration-ms="4" started-at="2023-02-09T15:31:44Z" finished-at="2023-02-09T15:31:44Z">
          <reporter-output>
          </reporter-output>
        </test-method> <!-- setUpClass -->
        <test-method status="PASS" signature="feature(cucumber.api.testng.CucumberFeatureWrapper)[pri:0, instance:testrunners.LinkFunctionToVertical@5ec0a365]" name="feature" duration-ms="52268" started-at="2023-02-09T15:31:44Z" description="Runs Cucumber Feature" data-provider="features" finished-at="2023-02-09T15:32:37Z">
          <params>
            <param index="0">
              <value>
                <![CDATA[Add Function to Vertical Test Case]]>
              </value>
            </param>
          </params>
          <reporter-output>
          </reporter-output>
        </test-method> <!-- feature -->
        <test-method status="PASS" signature="tearDownClass()[pri:0, instance:testrunners.LinkFunctionToVertical@5ec0a365]" name="tearDownClass" is-config="true" duration-ms="64" started-at="2023-02-09T15:32:37Z" finished-at="2023-02-09T15:32:37Z">
          <reporter-output>
          </reporter-output>
        </test-method> <!-- tearDownClass -->
      </class> <!-- testrunners.LinkFunctionToVertical -->
    </test> <!-- Add Function to vertical Test Case -->
    <test name="Create new Node Type Test Case" duration-ms="38288" started-at="2023-02-09T10:02:37Z" finished-at="2023-02-09T10:03:15Z">
      <class name="testrunners.AddNewNodeTypeTestCase">
        <test-method status="PASS" signature="setUpClass()[pri:0, instance:testrunners.AddNewNodeTypeTestCase@3632be31]" name="setUpClass" is-config="true" duration-ms="5" started-at="2023-02-09T15:32:37Z" finished-at="2023-02-09T15:32:37Z">
          <reporter-output>
          </reporter-output>
        </test-method> <!-- setUpClass -->
        <test-method status="PASS" signature="feature(cucumber.api.testng.CucumberFeatureWrapper)[pri:0, instance:testrunners.AddNewNodeTypeTestCase@3632be31]" name="feature" duration-ms="38230" started-at="2023-02-09T15:32:37Z" description="Runs Cucumber Feature" data-provider="features" finished-at="2023-02-09T15:33:15Z">
          <params>
            <param index="0">
              <value>
                <![CDATA[Add new Node Type Test Case]]>
              </value>
            </param>
          </params>
          <reporter-output>
          </reporter-output>
        </test-method> <!-- feature -->
        <test-method status="PASS" signature="tearDownClass()[pri:0, instance:testrunners.AddNewNodeTypeTestCase@3632be31]" name="tearDownClass" is-config="true" duration-ms="40" started-at="2023-02-09T15:33:15Z" finished-at="2023-02-09T15:33:15Z">
          <reporter-output>
          </reporter-output>
        </test-method> <!-- tearDownClass -->
      </class> <!-- testrunners.AddNewNodeTypeTestCase -->
    </test> <!-- Create new Node Type Test Case -->
    <test name="Edit existing Node Type Test Case" duration-ms="57151" started-at="2023-02-09T10:03:15Z" finished-at="2023-02-09T10:04:12Z">
      <class name="testrunners.EditNodeTypeTestcase">
        <test-method status="PASS" signature="setUpClass()[pri:0, instance:testrunners.EditNodeTypeTestcase@370736d9]" name="setUpClass" is-config="true" duration-ms="10" started-at="2023-02-09T15:33:15Z" finished-at="2023-02-09T15:33:15Z">
          <reporter-output>
          </reporter-output>
        </test-method> <!-- setUpClass -->
        <test-method status="PASS" signature="feature(cucumber.api.testng.CucumberFeatureWrapper)[pri:0, instance:testrunners.EditNodeTypeTestcase@370736d9]" name="feature" duration-ms="57100" started-at="2023-02-09T15:33:15Z" description="Runs Cucumber Feature" data-provider="features" finished-at="2023-02-09T15:34:12Z">
          <params>
            <param index="0">
              <value>
                <![CDATA[Edit existing Node Type Test Case]]>
              </value>
            </param>
          </params>
          <reporter-output>
          </reporter-output>
        </test-method> <!-- feature -->
        <test-method status="PASS" signature="tearDownClass()[pri:0, instance:testrunners.EditNodeTypeTestcase@370736d9]" name="tearDownClass" is-config="true" duration-ms="35" started-at="2023-02-09T15:34:12Z" finished-at="2023-02-09T15:34:12Z">
          <reporter-output>
          </reporter-output>
        </test-method> <!-- tearDownClass -->
      </class> <!-- testrunners.EditNodeTypeTestcase -->
    </test> <!-- Edit existing Node Type Test Case -->
    <test name="Delete existing Node Type Test Case" duration-ms="42925" started-at="2023-02-09T10:04:12Z" finished-at="2023-02-09T10:04:55Z">
      <class name="testrunners.DeleteNodeTypeTestCase">
        <test-method status="PASS" signature="setUpClass()[pri:0, instance:testrunners.DeleteNodeTypeTestCase@6c3708b3]" name="setUpClass" is-config="true" duration-ms="7" started-at="2023-02-09T15:34:12Z" finished-at="2023-02-09T15:34:12Z">
          <reporter-output>
          </reporter-output>
        </test-method> <!-- setUpClass -->
        <test-method status="PASS" signature="feature(cucumber.api.testng.CucumberFeatureWrapper)[pri:0, instance:testrunners.DeleteNodeTypeTestCase@6c3708b3]" name="feature" duration-ms="42872" started-at="2023-02-09T15:34:12Z" description="Runs Cucumber Feature" data-provider="features" finished-at="2023-02-09T15:34:55Z">
          <params>
            <param index="0">
              <value>
                <![CDATA[Delete existing Node Type Test Case]]>
              </value>
            </param>
          </params>
          <reporter-output>
          </reporter-output>
        </test-method> <!-- feature -->
        <test-method status="PASS" signature="tearDownClass()[pri:0, instance:testrunners.DeleteNodeTypeTestCase@6c3708b3]" name="tearDownClass" is-config="true" duration-ms="39" started-at="2023-02-09T15:34:55Z" finished-at="2023-02-09T15:34:55Z">
          <reporter-output>
          </reporter-output>
        </test-method> <!-- tearDownClass -->
      </class> <!-- testrunners.DeleteNodeTypeTestCase -->
    </test> <!-- Delete existing Node Type Test Case -->
    <test name="Creat New Attribute Test Case" duration-ms="54018" started-at="2023-02-09T10:04:55Z" finished-at="2023-02-09T10:05:49Z">
      <class name="testrunners.AddNewAttributeTestCase">
        <test-method status="PASS" signature="setUpClass()[pri:0, instance:testrunners.AddNewAttributeTestCase@6ddf90b0]" name="setUpClass" is-config="true" duration-ms="8" started-at="2023-02-09T15:34:55Z" finished-at="2023-02-09T15:34:55Z">
          <reporter-output>
          </reporter-output>
        </test-method> <!-- setUpClass -->
        <test-method status="PASS" signature="feature(cucumber.api.testng.CucumberFeatureWrapper)[pri:0, instance:testrunners.AddNewAttributeTestCase@6ddf90b0]" name="feature" duration-ms="53968" started-at="2023-02-09T15:34:55Z" description="Runs Cucumber Feature" data-provider="features" finished-at="2023-02-09T15:35:49Z">
          <params>
            <param index="0">
              <value>
                <![CDATA[Add New Attribute Test Case]]>
              </value>
            </param>
          </params>
          <reporter-output>
          </reporter-output>
        </test-method> <!-- feature -->
        <test-method status="PASS" signature="tearDownClass()[pri:0, instance:testrunners.AddNewAttributeTestCase@6ddf90b0]" name="tearDownClass" is-config="true" duration-ms="33" started-at="2023-02-09T15:35:49Z" finished-at="2023-02-09T15:35:49Z">
          <reporter-output>
          </reporter-output>
        </test-method> <!-- tearDownClass -->
      </class> <!-- testrunners.AddNewAttributeTestCase -->
    </test> <!-- Creat New Attribute Test Case -->
    <test name="Edit existing Attribute Test Case" duration-ms="70563" started-at="2023-02-09T10:05:49Z" finished-at="2023-02-09T10:07:00Z">
      <class name="testrunners.EditAttributeTestCase">
        <test-method status="PASS" signature="setUpClass()[pri:0, instance:testrunners.EditAttributeTestCase@7d907bac]" name="setUpClass" is-config="true" duration-ms="9" started-at="2023-02-09T15:35:49Z" finished-at="2023-02-09T15:35:49Z">
          <reporter-output>
          </reporter-output>
        </test-method> <!-- setUpClass -->
        <test-method status="PASS" signature="feature(cucumber.api.testng.CucumberFeatureWrapper)[pri:0, instance:testrunners.EditAttributeTestCase@7d907bac]" name="feature" duration-ms="70510" started-at="2023-02-09T15:35:49Z" description="Runs Cucumber Feature" data-provider="features" finished-at="2023-02-09T15:37:00Z">
          <params>
            <param index="0">
              <value>
                <![CDATA[Edit Existing Attribute Test Case]]>
              </value>
            </param>
          </params>
          <reporter-output>
          </reporter-output>
        </test-method> <!-- feature -->
        <test-method status="PASS" signature="tearDownClass()[pri:0, instance:testrunners.EditAttributeTestCase@7d907bac]" name="tearDownClass" is-config="true" duration-ms="35" started-at="2023-02-09T15:37:00Z" finished-at="2023-02-09T15:37:00Z">
          <reporter-output>
          </reporter-output>
        </test-method> <!-- tearDownClass -->
      </class> <!-- testrunners.EditAttributeTestCase -->
    </test> <!-- Edit existing Attribute Test Case -->
    <test name="Delete existing Attribute Test Case" duration-ms="43861" started-at="2023-02-09T10:07:00Z" finished-at="2023-02-09T10:07:44Z">
      <class name="testrunners.DeleteAttributeTestCase">
        <test-method status="PASS" signature="setUpClass()[pri:0, instance:testrunners.DeleteAttributeTestCase@4f970963]" name="setUpClass" is-config="true" duration-ms="10" started-at="2023-02-09T15:37:00Z" finished-at="2023-02-09T15:37:00Z">
          <reporter-output>
          </reporter-output>
        </test-method> <!-- setUpClass -->
        <test-method status="PASS" signature="feature(cucumber.api.testng.CucumberFeatureWrapper)[pri:0, instance:testrunners.DeleteAttributeTestCase@4f970963]" name="feature" duration-ms="43803" started-at="2023-02-09T15:37:00Z" description="Runs Cucumber Feature" data-provider="features" finished-at="2023-02-09T15:37:44Z">
          <params>
            <param index="0">
              <value>
                <![CDATA[Delete existing Attribute Test Case]]>
              </value>
            </param>
          </params>
          <reporter-output>
          </reporter-output>
        </test-method> <!-- feature -->
        <test-method status="PASS" signature="tearDownClass()[pri:0, instance:testrunners.DeleteAttributeTestCase@4f970963]" name="tearDownClass" is-config="true" duration-ms="39" started-at="2023-02-09T15:37:44Z" finished-at="2023-02-09T15:37:44Z">
          <reporter-output>
          </reporter-output>
        </test-method> <!-- tearDownClass -->
      </class> <!-- testrunners.DeleteAttributeTestCase -->
    </test> <!-- Delete existing Attribute Test Case -->
    <test name="Creat New Attribute Group Test Case" duration-ms="56821" started-at="2023-02-09T10:07:44Z" finished-at="2023-02-09T10:08:40Z">
      <class name="testrunners.AddNewAttributeGroupTestCase">
        <test-method status="PASS" signature="setUpClass()[pri:0, instance:testrunners.AddNewAttributeGroupTestCase@47ef968d]" name="setUpClass" is-config="true" duration-ms="9" started-at="2023-02-09T15:37:44Z" finished-at="2023-02-09T15:37:44Z">
          <reporter-output>
          </reporter-output>
        </test-method> <!-- setUpClass -->
        <test-method status="PASS" signature="feature(cucumber.api.testng.CucumberFeatureWrapper)[pri:0, instance:testrunners.AddNewAttributeGroupTestCase@47ef968d]" name="feature" duration-ms="56757" started-at="2023-02-09T15:37:44Z" description="Runs Cucumber Feature" data-provider="features" finished-at="2023-02-09T15:38:40Z">
          <params>
            <param index="0">
              <value>
                <![CDATA[Add New Attribute Group Test Case]]>
              </value>
            </param>
          </params>
          <reporter-output>
          </reporter-output>
        </test-method> <!-- feature -->
        <test-method status="PASS" signature="tearDownClass()[pri:0, instance:testrunners.AddNewAttributeGroupTestCase@47ef968d]" name="tearDownClass" is-config="true" duration-ms="44" started-at="2023-02-09T15:38:40Z" finished-at="2023-02-09T15:38:40Z">
          <reporter-output>
          </reporter-output>
        </test-method> <!-- tearDownClass -->
      </class> <!-- testrunners.AddNewAttributeGroupTestCase -->
    </test> <!-- Creat New Attribute Group Test Case -->
    <test name="Edit existing Attribute Group Test Case" duration-ms="66866" started-at="2023-02-09T10:08:40Z" finished-at="2023-02-09T10:09:47Z">
      <class name="testrunners.EditAttributeGroupTestCase">
        <test-method status="PASS" signature="setUpClass()[pri:0, instance:testrunners.EditAttributeGroupTestCase@2b552920]" name="setUpClass" is-config="true" duration-ms="12" started-at="2023-02-09T15:38:40Z" finished-at="2023-02-09T15:38:40Z">
          <reporter-output>
          </reporter-output>
        </test-method> <!-- setUpClass -->
        <test-method status="PASS" signature="feature(cucumber.api.testng.CucumberFeatureWrapper)[pri:0, instance:testrunners.EditAttributeGroupTestCase@2b552920]" name="feature" duration-ms="66812" started-at="2023-02-09T15:38:41Z" description="Runs Cucumber Feature" data-provider="features" finished-at="2023-02-09T15:39:47Z">
          <params>
            <param index="0">
              <value>
                <![CDATA[Edit Existing Attribute Group Test Case]]>
              </value>
            </param>
          </params>
          <reporter-output>
          </reporter-output>
        </test-method> <!-- feature -->
        <test-method status="PASS" signature="tearDownClass()[pri:0, instance:testrunners.EditAttributeGroupTestCase@2b552920]" name="tearDownClass" is-config="true" duration-ms="34" started-at="2023-02-09T15:39:47Z" finished-at="2023-02-09T15:39:47Z">
          <reporter-output>
          </reporter-output>
        </test-method> <!-- tearDownClass -->
      </class> <!-- testrunners.EditAttributeGroupTestCase -->
    </test> <!-- Edit existing Attribute Group Test Case -->
    <test name="Delete existing Attribute Group Test Case" duration-ms="56693" started-at="2023-02-09T10:09:47Z" finished-at="2023-02-09T10:10:44Z">
      <class name="testrunners.DeleteAttributeGroupTestCase">
        <test-method status="PASS" signature="setUpClass()[pri:0, instance:testrunners.DeleteAttributeGroupTestCase@6e6c3152]" name="setUpClass" is-config="true" duration-ms="7" started-at="2023-02-09T15:39:47Z" finished-at="2023-02-09T15:39:47Z">
          <reporter-output>
          </reporter-output>
        </test-method> <!-- setUpClass -->
        <test-method status="FAIL" signature="feature(cucumber.api.testng.CucumberFeatureWrapper)[pri:0, instance:testrunners.DeleteAttributeGroupTestCase@6e6c3152]" name="feature" duration-ms="56643" started-at="2023-02-09T15:39:47Z" description="Runs Cucumber Feature" data-provider="features" finished-at="2023-02-09T15:40:44Z">
          <params>
            <param index="0">
              <value>
                <![CDATA[Delete Existing Attribute Group Test Case]]>
              </value>
            </param>
          </params>
          <exception class="cucumber.runtime.CucumberException">
            <message>
              <![CDATA[org.openqa.selenium.NoSuchElementException: no such element: Unable to locate element: {"method":"xpath","selector":"//div[6]/button[4]/i"}
  (Session info: chrome=109.0.5414.120)
For documentation on this error, please visit: https://www.seleniumhq.org/exceptions/no_such_element.html
Build info: version: '3.141.59', revision: 'e82be7d358', time: '2018-11-14T08:17:03'
System info: host: 'DESKTOP-UHORISU', ip: '192.168.1.170', os.name: 'Windows 10', os.arch: 'amd64', os.version: '10.0', java.version: '1.8.0_121'
Driver info: org.openqa.selenium.chrome.ChromeDriver
Capabilities {acceptInsecureCerts: false, browserName: chrome, browserVersion: 109.0.5414.120, chrome: {chromedriverVersion: 109.0.5414.74 (e7c5703604da..., userDataDir: C:\Users\RAJASE~1\AppData\L...}, goog:chromeOptions: {debuggerAddress: localhost:55708}, javascriptEnabled: true, networkConnectionEnabled: false, pageLoadStrategy: normal, platform: WINDOWS, platformName: WINDOWS, proxy: Proxy(), setWindowRect: true, strictFileInteractability: false, timeouts: {implicit: 0, pageLoad: 300000, script: 30000}, unhandledPromptBehavior: dismiss and notify, webauthn:extension:credBlob: true, webauthn:extension:largeBlob: true, webauthn:virtualAuthenticators: true}
Session ID: a3919d71486101e55975ca4c15823f46
*** Element info: {Using=xpath, value=//div[6]/button[4]/i}]]>
            </message>
            <full-stacktrace>
              <![CDATA[cucumber.runtime.CucumberException: org.openqa.selenium.NoSuchElementException: no such element: Unable to locate element: {"method":"xpath","selector":"//div[6]/button[4]/i"}
  (Session info: chrome=109.0.5414.120)
For documentation on this error, please visit: https://www.seleniumhq.org/exceptions/no_such_element.html
Build info: version: '3.141.59', revision: 'e82be7d358', time: '2018-11-14T08:17:03'
System info: host: 'DESKTOP-UHORISU', ip: '192.168.1.170', os.name: 'Windows 10', os.arch: 'amd64', os.version: '10.0', java.version: '1.8.0_121'
Driver info: org.openqa.selenium.chrome.ChromeDriver
Capabilities {acceptInsecureCerts: false, browserName: chrome, browserVersion: 109.0.5414.120, chrome: {chromedriverVersion: 109.0.5414.74 (e7c5703604da..., userDataDir: C:\Users\RAJASE~1\AppData\L...}, goog:chromeOptions: {debuggerAddress: localhost:55708}, javascriptEnabled: true, networkConnectionEnabled: false, pageLoadStrategy: normal, platform: WINDOWS, platformName: WINDOWS, proxy: Proxy(), setWindowRect: true, strictFileInteractability: false, timeouts: {implicit: 0, pageLoad: 300000, script: 30000}, unhandledPromptBehavior: dismiss and notify, webauthn:extension:credBlob: true, webauthn:extension:largeBlob: true, webauthn:virtualAuthenticators: true}
Session ID: a3919d71486101e55975ca4c15823f46
*** Element info: {Using=xpath, value=//div[6]/button[4]/i}
	at cucumber.api.testng.TestNGCucumberRunner.runCucumber(TestNGCucumberRunner.java:69)
	at cucumber.api.testng.AbstractTestNGCucumberTests.feature(AbstractTestNGCucumberTests.java:21)
	at sun.reflect.GeneratedMethodAccessor77.invoke(Unknown Source)
	at sun.reflect.DelegatingMethodAccessorImpl.invoke(Unknown Source)
	at java.lang.reflect.Method.invoke(Unknown Source)
	at org.testng.internal.MethodInvocationHelper.invokeMethod(MethodInvocationHelper.java:108)
	at org.testng.internal.Invoker.invokeMethod(Invoker.java:661)
	at org.testng.internal.Invoker.invokeTestMethod(Invoker.java:869)
	at org.testng.internal.Invoker.invokeTestMethods(Invoker.java:1193)
	at org.testng.internal.TestMethodWorker.invokeTestMethods(TestMethodWorker.java:126)
	at org.testng.internal.TestMethodWorker.run(TestMethodWorker.java:109)
	at org.testng.TestRunner.privateRun(TestRunner.java:744)
	at org.testng.TestRunner.run(TestRunner.java:602)
	at org.testng.SuiteRunner.runTest(SuiteRunner.java:380)
	at org.testng.SuiteRunner.runSequentially(SuiteRunner.java:375)
	at org.testng.SuiteRunner.privateRun(SuiteRunner.java:340)
	at org.testng.SuiteRunner.run(SuiteRunner.java:289)
	at org.testng.SuiteRunnerWorker.runSuite(SuiteRunnerWorker.java:52)
	at org.testng.SuiteRunnerWorker.run(SuiteRunnerWorker.java:86)
	at org.testng.TestNG.runSuitesSequentially(TestNG.java:1301)
	at org.testng.TestNG.runSuitesLocally(TestNG.java:1226)
	at org.testng.TestNG.runSuites(TestNG.java:1144)
	at org.testng.TestNG.run(TestNG.java:1115)
	at org.testng.remote.AbstractRemoteTestNG.run(AbstractRemoteTestNG.java:132)
	at org.testng.remote.RemoteTestNG.initAndRun(RemoteTestNG.java:230)
	at org.testng.remote.RemoteTestNG.main(RemoteTestNG.java:76)
Caused by: org.openqa.selenium.NoSuchElementException: no such element: Unable to locate element: {"method":"xpath","selector":"//div[6]/button[4]/i"}
  (Session info: chrome=109.0.5414.120)
For documentation on this error, please visit: https://www.seleniumhq.org/exceptions/no_such_element.html
Build info: version: '3.141.59', revision: 'e82be7d358', time: '2018-11-14T08:17:03'
System info: host: 'DESKTOP-UHORISU', ip: '192.168.1.170', os.name: 'Windows 10', os.arch: 'amd64', os.version: '10.0', java.version: '1.8.0_121'
Driver info: org.openqa.selenium.chrome.ChromeDriver
Capabilities {acceptInsecureCerts: false, browserName: chrome, browserVersion: 109.0.5414.120, chrome: {chromedriverVersion: 109.0.5414.74 (e7c5703604da..., userDataDir: C:\Users\RAJASE~1\AppData\L...}, goog:chromeOptions: {debuggerAddress: localhost:55708}, javascriptEnabled: true, networkConnectionEnabled: false, pageLoadStrategy: normal, platform: WINDOWS, platformName: WINDOWS, proxy: Proxy(), setWindowRect: true, strictFileInteractability: false, timeouts: {implicit: 0, pageLoad: 300000, script: 30000}, unhandledPromptBehavior: dismiss and notify, webauthn:extension:credBlob: true, webauthn:extension:largeBlob: true, webauthn:virtualAuthenticators: true}
Session ID: a3919d71486101e55975ca4c15823f46
*** Element info: {Using=xpath, value=//div[6]/button[4]/i}
	at sun.reflect.NativeConstructorAccessorImpl.newInstance0(Native Method)
	at sun.reflect.NativeConstructorAccessorImpl.newInstance(Unknown Source)
	at sun.reflect.DelegatingConstructorAccessorImpl.newInstance(Unknown Source)
	at java.lang.reflect.Constructor.newInstance(Unknown Source)
	at org.openqa.selenium.remote.http.W3CHttpResponseCodec.createException(W3CHttpResponseCodec.java:187)
	at org.openqa.selenium.remote.http.W3CHttpResponseCodec.decode(W3CHttpResponseCodec.java:122)
	at org.openqa.selenium.remote.http.W3CHttpResponseCodec.decode(W3CHttpResponseCodec.java:49)
	at org.openqa.selenium.remote.HttpCommandExecutor.execute(HttpCommandExecutor.java:158)
	at org.openqa.selenium.remote.service.DriverCommandExecutor.execute(DriverCommandExecutor.java:83)
	at org.openqa.selenium.remote.RemoteWebDriver.execute(RemoteWebDriver.java:552)
	at org.openqa.selenium.remote.RemoteWebDriver.findElement(RemoteWebDriver.java:323)
	at org.openqa.selenium.remote.RemoteWebDriver.findElementByXPath(RemoteWebDriver.java:428)
	at org.openqa.selenium.By$ByXPath.findElement(By.java:353)
	at org.openqa.selenium.remote.RemoteWebDriver.findElement(RemoteWebDriver.java:315)
	at org.openqa.selenium.support.pagefactory.DefaultElementLocator.findElement(DefaultElementLocator.java:69)
	at org.openqa.selenium.support.pagefactory.internal.LocatingElementHandler.invoke(LocatingElementHandler.java:38)
	at com.sun.proxy.$Proxy18.getWrappedElement(Unknown Source)
	at org.openqa.selenium.remote.internal.WebElementToJsonConverter.apply(WebElementToJsonConverter.java:50)
	at java.util.stream.ReferencePipeline$3$1.accept(Unknown Source)
	at java.util.Spliterators$ArraySpliterator.forEachRemaining(Unknown Source)
	at java.util.stream.AbstractPipeline.copyInto(Unknown Source)
	at java.util.stream.AbstractPipeline.wrapAndCopyInto(Unknown Source)
	at java.util.stream.ReduceOps$ReduceOp.evaluateSequential(Unknown Source)
	at java.util.stream.AbstractPipeline.evaluate(Unknown Source)
	at java.util.stream.ReferencePipeline.collect(Unknown Source)
	at org.openqa.selenium.remote.RemoteWebDriver.executeScript(RemoteWebDriver.java:484)
	at com.qa.pages.AttributesPage.click_delete_attribute_group(AttributesPage.java:340)
	at com.qa.stepDefinitions.PreCofigLibrary.user_should_see_attribute_group_deleted(PreCofigLibrary.java:612)
	at ✽.Then user should see attribute group deleted "Edit Attribute group test"(C:/Selenium/PreConfig/src/main/java/com/qa/features/deleteattributegroup.feature:16)
]]>
            </full-stacktrace>
          </exception> <!-- cucumber.runtime.CucumberException -->
          <reporter-output>
          </reporter-output>
        </test-method> <!-- feature -->
        <test-method status="PASS" signature="tearDownClass()[pri:0, instance:testrunners.DeleteAttributeGroupTestCase@6e6c3152]" name="tearDownClass" is-config="true" duration-ms="34" started-at="2023-02-09T15:40:44Z" finished-at="2023-02-09T15:40:44Z">
          <reporter-output>
          </reporter-output>
        </test-method> <!-- tearDownClass -->
      </class> <!-- testrunners.DeleteAttributeGroupTestCase -->
    </test> <!-- Delete existing Attribute Group Test Case -->
  </suite> <!-- Pre-Cofig Test Suite -->
</testng-results>
