<?xml version="1.0" encoding="UTF-8"?>
<testng-results skipped="0" failed="1" ignored="0" total="17" passed="16">
  <reporter-output>
  </reporter-output>
  <suite name="Pre-Cofig Test Suite" duration-ms="866695" started-at="2023-02-09T10:47:55Z" finished-at="2023-02-09T11:02:22Z">
    <groups>
      <group name="cucumber">
        <method signature="AbstractTestNGCucumberTests.feature(cucumber.api.testng.CucumberFeatureWrapper)[pri:0, instance:testrunners.LoginTestCase@239963d8]" name="feature" class="cucumber.api.testng.AbstractTestNGCucumberTests"/>
        <method signature="AbstractTestNGCucumberTests.feature(cucumber.api.testng.CucumberFeatureWrapper)[pri:0, instance:testrunners.AddNewVerticalTestCase@6e1567f1]" name="feature" class="cucumber.api.testng.AbstractTestNGCucumberTests"/>
        <method signature="AbstractTestNGCucumberTests.feature(cucumber.api.testng.CucumberFeatureWrapper)[pri:0, instance:testrunners.EditVerticalTestCase@25bbe1b6]" name="feature" class="cucumber.api.testng.AbstractTestNGCucumberTests"/>
        <method signature="AbstractTestNGCucumberTests.feature(cucumber.api.testng.CucumberFeatureWrapper)[pri:0, instance:testrunners.DeleteVerticalTestCase@5649fd9b]" name="feature" class="cucumber.api.testng.AbstractTestNGCucumberTests"/>
        <method signature="AbstractTestNGCucumberTests.feature(cucumber.api.testng.CucumberFeatureWrapper)[pri:0, instance:testrunners.AddNewFunctionTestCase@64bf3bbf]" name="feature" class="cucumber.api.testng.AbstractTestNGCucumberTests"/>
        <method signature="AbstractTestNGCucumberTests.feature(cucumber.api.testng.CucumberFeatureWrapper)[pri:0, instance:testrunners.EditFunctionTestCase@1e127982]" name="feature" class="cucumber.api.testng.AbstractTestNGCucumberTests"/>
        <method signature="AbstractTestNGCucumberTests.feature(cucumber.api.testng.CucumberFeatureWrapper)[pri:0, instance:testrunners.DeleteFunctionTestCase@21213b92]" name="feature" class="cucumber.api.testng.AbstractTestNGCucumberTests"/>
        <method signature="AbstractTestNGCucumberTests.feature(cucumber.api.testng.CucumberFeatureWrapper)[pri:0, instance:testrunners.LinkFunctionToVertical@5ec0a365]" name="feature" class="cucumber.api.testng.AbstractTestNGCucumberTests"/>
        <method signature="AbstractTestNGCucumberTests.feature(cucumber.api.testng.CucumberFeatureWrapper)[pri:0, instance:testrunners.AddNewNodeTypeTestCase@3632be31]" name="feature" class="cucumber.api.testng.AbstractTestNGCucumberTests"/>
        <method signature="AbstractTestNGCucumberTests.feature(cucumber.api.testng.CucumberFeatureWrapper)[pri:0, instance:testrunners.EditNodeTypeTestcase@370736d9]" name="feature" class="cucumber.api.testng.AbstractTestNGCucumberTests"/>
        <method signature="AbstractTestNGCucumberTests.feature(cucumber.api.testng.CucumberFeatureWrapper)[pri:0, instance:testrunners.DeleteNodeTypeTestCase@6c3708b3]" name="feature" class="cucumber.api.testng.AbstractTestNGCucumberTests"/>
        <method signature="AbstractTestNGCucumberTests.feature(cucumber.api.testng.CucumberFeatureWrapper)[pri:0, instance:testrunners.AddNewAttributeTestCase@6ddf90b0]" name="feature" class="cucumber.api.testng.AbstractTestNGCucumberTests"/>
        <method signature="AbstractTestNGCucumberTests.feature(cucumber.api.testng.CucumberFeatureWrapper)[pri:0, instance:testrunners.EditAttributeTestCase@7d907bac]" name="feature" class="cucumber.api.testng.AbstractTestNGCucumberTests"/>
        <method signature="AbstractTestNGCucumberTests.feature(cucumber.api.testng.CucumberFeatureWrapper)[pri:0, instance:testrunners.DeleteAttributeTestCase@4f970963]" name="feature" class="cucumber.api.testng.AbstractTestNGCucumberTests"/>
        <method signature="AbstractTestNGCucumberTests.feature(cucumber.api.testng.CucumberFeatureWrapper)[pri:0, instance:testrunners.AddNewAttributeGroupTestCase@47ef968d]" name="feature" class="cucumber.api.testng.AbstractTestNGCucumberTests"/>
        <method signature="AbstractTestNGCucumberTests.feature(cucumber.api.testng.CucumberFeatureWrapper)[pri:0, instance:testrunners.EditAttributeGroupTestCase@2b552920]" name="feature" class="cucumber.api.testng.AbstractTestNGCucumberTests"/>
        <method signature="AbstractTestNGCucumberTests.feature(cucumber.api.testng.CucumberFeatureWrapper)[pri:0, instance:testrunners.DeleteAttributeGroupTestCase@6e6c3152]" name="feature" class="cucumber.api.testng.AbstractTestNGCucumberTests"/>
      </group> <!-- cucumber -->
    </groups>
    <test name="Login Test Case" duration-ms="32059" started-at="2023-02-09T10:47:55Z" finished-at="2023-02-09T10:48:27Z">
      <class name="testrunners.LoginTestCase">
        <test-method status="PASS" signature="setUpClass()[pri:0, instance:testrunners.LoginTestCase@239963d8]" name="setUpClass" is-config="true" duration-ms="161" started-at="2023-02-09T16:17:55Z" finished-at="2023-02-09T16:17:55Z">
          <reporter-output>
          </reporter-output>
        </test-method> <!-- setUpClass -->
        <test-method status="PASS" signature="feature(cucumber.api.testng.CucumberFeatureWrapper)[pri:0, instance:testrunners.LoginTestCase@239963d8]" name="feature" duration-ms="31641" started-at="2023-02-09T16:17:55Z" description="Runs Cucumber Feature" data-provider="features" finished-at="2023-02-09T16:18:27Z">
          <params>
            <param index="0">
              <value>
                <![CDATA[Login Test Case]]>
              </value>
            </param>
          </params>
          <reporter-output>
          </reporter-output>
        </test-method> <!-- feature -->
        <test-method status="PASS" signature="tearDownClass()[pri:0, instance:testrunners.LoginTestCase@239963d8]" name="tearDownClass" is-config="true" duration-ms="200" started-at="2023-02-09T16:18:27Z" finished-at="2023-02-09T16:18:27Z">
          <reporter-output>
          </reporter-output>
        </test-method> <!-- tearDownClass -->
      </class> <!-- testrunners.LoginTestCase -->
    </test> <!-- Login Test Case -->
    <test name="Create Vertical Test Case" duration-ms="68105" started-at="2023-02-09T10:48:27Z" finished-at="2023-02-09T10:49:35Z">
      <class name="testrunners.AddNewVerticalTestCase">
        <test-method status="PASS" signature="setUpClass()[pri:0, instance:testrunners.AddNewVerticalTestCase@6e1567f1]" name="setUpClass" is-config="true" duration-ms="18" started-at="2023-02-09T16:18:27Z" finished-at="2023-02-09T16:18:27Z">
          <reporter-output>
          </reporter-output>
        </test-method> <!-- setUpClass -->
        <test-method status="PASS" signature="feature(cucumber.api.testng.CucumberFeatureWrapper)[pri:0, instance:testrunners.AddNewVerticalTestCase@6e1567f1]" name="feature" duration-ms="68038" started-at="2023-02-09T16:18:27Z" description="Runs Cucumber Feature" data-provider="features" finished-at="2023-02-09T16:19:35Z">
          <params>
            <param index="0">
              <value>
                <![CDATA[Add new Vertical Test Case]]>
              </value>
            </param>
          </params>
          <reporter-output>
          </reporter-output>
        </test-method> <!-- feature -->
        <test-method status="PASS" signature="tearDownClass()[pri:0, instance:testrunners.AddNewVerticalTestCase@6e1567f1]" name="tearDownClass" is-config="true" duration-ms="43" started-at="2023-02-09T16:19:35Z" finished-at="2023-02-09T16:19:35Z">
          <reporter-output>
          </reporter-output>
        </test-method> <!-- tearDownClass -->
      </class> <!-- testrunners.AddNewVerticalTestCase -->
    </test> <!-- Create Vertical Test Case -->
    <test name="Edit existing Vertical Test Case" duration-ms="60080" started-at="2023-02-09T10:49:35Z" finished-at="2023-02-09T10:50:35Z">
      <class name="testrunners.EditVerticalTestCase">
        <test-method status="PASS" signature="setUpClass()[pri:0, instance:testrunners.EditVerticalTestCase@25bbe1b6]" name="setUpClass" is-config="true" duration-ms="10" started-at="2023-02-09T16:19:35Z" finished-at="2023-02-09T16:19:35Z">
          <reporter-output>
          </reporter-output>
        </test-method> <!-- setUpClass -->
        <test-method status="FAIL" signature="feature(cucumber.api.testng.CucumberFeatureWrapper)[pri:0, instance:testrunners.EditVerticalTestCase@25bbe1b6]" name="feature" duration-ms="60008" started-at="2023-02-09T16:19:35Z" description="Runs Cucumber Feature" data-provider="features" finished-at="2023-02-09T16:20:35Z">
          <params>
            <param index="0">
              <value>
                <![CDATA[Edit existing Vertical Test Case]]>
              </value>
            </param>
          </params>
          <exception class="cucumber.runtime.CucumberException">
            <message>
              <![CDATA[java.lang.AssertionError]]>
            </message>
            <full-stacktrace>
              <![CDATA[cucumber.runtime.CucumberException: java.lang.AssertionError
	at cucumber.api.testng.TestNGCucumberRunner.runCucumber(TestNGCucumberRunner.java:69)
	at cucumber.api.testng.AbstractTestNGCucumberTests.feature(AbstractTestNGCucumberTests.java:21)
	at sun.reflect.NativeMethodAccessorImpl.invoke0(Native Method)
	at sun.reflect.NativeMethodAccessorImpl.invoke(Unknown Source)
	at sun.reflect.DelegatingMethodAccessorImpl.invoke(Unknown Source)
	at java.lang.reflect.Method.invoke(Unknown Source)
	at org.testng.internal.MethodInvocationHelper.invokeMethod(MethodInvocationHelper.java:108)
	at org.testng.internal.Invoker.invokeMethod(Invoker.java:661)
	at org.testng.internal.Invoker.invokeTestMethod(Invoker.java:869)
	at org.testng.internal.Invoker.invokeTestMethods(Invoker.java:1193)
	at org.testng.internal.TestMethodWorker.invokeTestMethods(TestMethodWorker.java:126)
	at org.testng.internal.TestMethodWorker.run(TestMethodWorker.java:109)
	at org.testng.TestRunner.privateRun(TestRunner.java:744)
	at org.testng.TestRunner.run(TestRunner.java:602)
	at org.testng.SuiteRunner.runTest(SuiteRunner.java:380)
	at org.testng.SuiteRunner.runSequentially(SuiteRunner.java:375)
	at org.testng.SuiteRunner.privateRun(SuiteRunner.java:340)
	at org.testng.SuiteRunner.run(SuiteRunner.java:289)
	at org.testng.SuiteRunnerWorker.runSuite(SuiteRunnerWorker.java:52)
	at org.testng.SuiteRunnerWorker.run(SuiteRunnerWorker.java:86)
	at org.testng.TestNG.runSuitesSequentially(TestNG.java:1301)
	at org.testng.TestNG.runSuitesLocally(TestNG.java:1226)
	at org.testng.TestNG.runSuites(TestNG.java:1144)
	at org.testng.TestNG.run(TestNG.java:1115)
	at org.testng.remote.AbstractRemoteTestNG.run(AbstractRemoteTestNG.java:132)
	at org.testng.remote.RemoteTestNG.initAndRun(RemoteTestNG.java:230)
	at org.testng.remote.RemoteTestNG.main(RemoteTestNG.java:76)
Caused by: java.lang.AssertionError
	at org.junit.Assert.fail(Assert.java:87)
	at org.junit.Assert.assertTrue(Assert.java:42)
	at org.junit.Assert.assertTrue(Assert.java:53)
	at com.qa.stepDefinitions.PreCofigLibrary.user_should_see_modified_vertical(PreCofigLibrary.java:183)
	at âœ½.Then user should see modified vertical "Edit new Vertical test"(C:/Selenium/PreConfig/src/main/java/com/qa/features/editvertical.feature:23)
]]>
            </full-stacktrace>
          </exception> <!-- cucumber.runtime.CucumberException -->
          <reporter-output>
          </reporter-output>
        </test-method> <!-- feature -->
        <test-method status="PASS" signature="tearDownClass()[pri:0, instance:testrunners.EditVerticalTestCase@25bbe1b6]" name="tearDownClass" is-config="true" duration-ms="58" started-at="2023-02-09T16:20:35Z" finished-at="2023-02-09T16:20:35Z">
          <reporter-output>
          </reporter-output>
        </test-method> <!-- tearDownClass -->
      </class> <!-- testrunners.EditVerticalTestCase -->
    </test> <!-- Edit existing Vertical Test Case -->
    <test name="Delete existing Vertical Test Case" duration-ms="38940" started-at="2023-02-09T10:50:35Z" finished-at="2023-02-09T10:51:14Z">
      <class name="testrunners.DeleteVerticalTestCase">
        <test-method status="PASS" signature="setUpClass()[pri:0, instance:testrunners.DeleteVerticalTestCase@5649fd9b]" name="setUpClass" is-config="true" duration-ms="15" started-at="2023-02-09T16:20:35Z" finished-at="2023-02-09T16:20:35Z">
          <reporter-output>
          </reporter-output>
        </test-method> <!-- setUpClass -->
        <test-method status="PASS" signature="feature(cucumber.api.testng.CucumberFeatureWrapper)[pri:0, instance:testrunners.DeleteVerticalTestCase@5649fd9b]" name="feature" duration-ms="38853" started-at="2023-02-09T16:20:35Z" description="Runs Cucumber Feature" data-provider="features" finished-at="2023-02-09T16:21:14Z">
          <params>
            <param index="0">
              <value>
                <![CDATA[Delete existing Vertical Test Case]]>
              </value>
            </param>
          </params>
          <reporter-output>
          </reporter-output>
        </test-method> <!-- feature -->
        <test-method status="PASS" signature="tearDownClass()[pri:0, instance:testrunners.DeleteVerticalTestCase@5649fd9b]" name="tearDownClass" is-config="true" duration-ms="65" started-at="2023-02-09T16:21:14Z" finished-at="2023-02-09T16:21:14Z">
          <reporter-output>
          </reporter-output>
        </test-method> <!-- tearDownClass -->
      </class> <!-- testrunners.DeleteVerticalTestCase -->
    </test> <!-- Delete existing Vertical Test Case -->
    <test name="Create new Function Test Case" duration-ms="40556" started-at="2023-02-09T10:51:14Z" finished-at="2023-02-09T10:51:55Z">
      <class name="testrunners.AddNewFunctionTestCase">
        <test-method status="PASS" signature="setUpClass()[pri:0, instance:testrunners.AddNewFunctionTestCase@64bf3bbf]" name="setUpClass" is-config="true" duration-ms="12" started-at="2023-02-09T16:21:14Z" finished-at="2023-02-09T16:21:14Z">
          <reporter-output>
          </reporter-output>
        </test-method> <!-- setUpClass -->
        <test-method status="PASS" signature="feature(cucumber.api.testng.CucumberFeatureWrapper)[pri:0, instance:testrunners.AddNewFunctionTestCase@64bf3bbf]" name="feature" duration-ms="40440" started-at="2023-02-09T16:21:14Z" description="Runs Cucumber Feature" data-provider="features" finished-at="2023-02-09T16:21:55Z">
          <params>
            <param index="0">
              <value>
                <![CDATA[Add new Function Test Case]]>
              </value>
            </param>
          </params>
          <reporter-output>
          </reporter-output>
        </test-method> <!-- feature -->
        <test-method status="PASS" signature="tearDownClass()[pri:0, instance:testrunners.AddNewFunctionTestCase@64bf3bbf]" name="tearDownClass" is-config="true" duration-ms="98" started-at="2023-02-09T16:21:55Z" finished-at="2023-02-09T16:21:55Z">
          <reporter-output>
          </reporter-output>
        </test-method> <!-- tearDownClass -->
      </class> <!-- testrunners.AddNewFunctionTestCase -->
    </test> <!-- Create new Function Test Case -->
    <test name="Edit existing Function Test Case" duration-ms="58075" started-at="2023-02-09T10:51:55Z" finished-at="2023-02-09T10:52:53Z">
      <class name="testrunners.EditFunctionTestCase">
        <test-method status="PASS" signature="setUpClass()[pri:0, instance:testrunners.EditFunctionTestCase@1e127982]" name="setUpClass" is-config="true" duration-ms="13" started-at="2023-02-09T16:21:55Z" finished-at="2023-02-09T16:21:55Z">
          <reporter-output>
          </reporter-output>
        </test-method> <!-- setUpClass -->
        <test-method status="PASS" signature="feature(cucumber.api.testng.CucumberFeatureWrapper)[pri:0, instance:testrunners.EditFunctionTestCase@1e127982]" name="feature" duration-ms="58000" started-at="2023-02-09T16:21:55Z" description="Runs Cucumber Feature" data-provider="features" finished-at="2023-02-09T16:22:53Z">
          <params>
            <param index="0">
              <value>
                <![CDATA[Edit existing Function Test Case]]>
              </value>
            </param>
          </params>
          <reporter-output>
          </reporter-output>
        </test-method> <!-- feature -->
        <test-method status="PASS" signature="tearDownClass()[pri:0, instance:testrunners.EditFunctionTestCase@1e127982]" name="tearDownClass" is-config="true" duration-ms="57" started-at="2023-02-09T16:22:53Z" finished-at="2023-02-09T16:22:53Z">
          <reporter-output>
          </reporter-output>
        </test-method> <!-- tearDownClass -->
      </class> <!-- testrunners.EditFunctionTestCase -->
    </test> <!-- Edit existing Function Test Case -->
    <test name="Delete existing Function Test Case" duration-ms="41182" started-at="2023-02-09T10:52:53Z" finished-at="2023-02-09T10:53:34Z">
      <class name="testrunners.DeleteFunctionTestCase">
        <test-method status="PASS" signature="setUpClass()[pri:0, instance:testrunners.DeleteFunctionTestCase@21213b92]" name="setUpClass" is-config="true" duration-ms="7" started-at="2023-02-09T16:22:53Z" finished-at="2023-02-09T16:22:53Z">
          <reporter-output>
          </reporter-output>
        </test-method> <!-- setUpClass -->
        <test-method status="PASS" signature="feature(cucumber.api.testng.CucumberFeatureWrapper)[pri:0, instance:testrunners.DeleteFunctionTestCase@21213b92]" name="feature" duration-ms="41084" started-at="2023-02-09T16:22:53Z" description="Runs Cucumber Feature" data-provider="features" finished-at="2023-02-09T16:23:34Z">
          <params>
            <param index="0">
              <value>
                <![CDATA[Delete existing Function Test Case]]>
              </value>
            </param>
          </params>
          <reporter-output>
          </reporter-output>
        </test-method> <!-- feature -->
        <test-method status="PASS" signature="tearDownClass()[pri:0, instance:testrunners.DeleteFunctionTestCase@21213b92]" name="tearDownClass" is-config="true" duration-ms="88" started-at="2023-02-09T16:23:34Z" finished-at="2023-02-09T16:23:34Z">
          <reporter-output>
          </reporter-output>
        </test-method> <!-- tearDownClass -->
      </class> <!-- testrunners.DeleteFunctionTestCase -->
    </test> <!-- Delete existing Function Test Case -->
    <test name="Add Function to vertical Test Case" duration-ms="52135" started-at="2023-02-09T10:53:34Z" finished-at="2023-02-09T10:54:26Z">
      <class name="testrunners.LinkFunctionToVertical">
        <test-method status="PASS" signature="setUpClass()[pri:0, instance:testrunners.LinkFunctionToVertical@5ec0a365]" name="setUpClass" is-config="true" duration-ms="7" started-at="2023-02-09T16:23:34Z" finished-at="2023-02-09T16:23:34Z">
          <reporter-output>
          </reporter-output>
        </test-method> <!-- setUpClass -->
        <test-method status="PASS" signature="feature(cucumber.api.testng.CucumberFeatureWrapper)[pri:0, instance:testrunners.LinkFunctionToVertical@5ec0a365]" name="feature" duration-ms="52062" started-at="2023-02-09T16:23:34Z" description="Runs Cucumber Feature" data-provider="features" finished-at="2023-02-09T16:24:26Z">
          <params>
            <param index="0">
              <value>
                <![CDATA[Add Function to Vertical Test Case]]>
              </value>
            </param>
          </params>
          <reporter-output>
          </reporter-output>
        </test-method> <!-- feature -->
        <test-method status="PASS" signature="tearDownClass()[pri:0, instance:testrunners.LinkFunctionToVertical@5ec0a365]" name="tearDownClass" is-config="true" duration-ms="64" started-at="2023-02-09T16:24:26Z" finished-at="2023-02-09T16:24:26Z">
          <reporter-output>
          </reporter-output>
        </test-method> <!-- tearDownClass -->
      </class> <!-- testrunners.LinkFunctionToVertical -->
    </test> <!-- Add Function to vertical Test Case -->
    <test name="Create new Node Type Test Case" duration-ms="38319" started-at="2023-02-09T10:54:26Z" finished-at="2023-02-09T10:55:04Z">
      <class name="testrunners.AddNewNodeTypeTestCase">
        <test-method status="PASS" signature="setUpClass()[pri:0, instance:testrunners.AddNewNodeTypeTestCase@3632be31]" name="setUpClass" is-config="true" duration-ms="8" started-at="2023-02-09T16:24:26Z" finished-at="2023-02-09T16:24:26Z">
          <reporter-output>
          </reporter-output>
        </test-method> <!-- setUpClass -->
        <test-method status="PASS" signature="feature(cucumber.api.testng.CucumberFeatureWrapper)[pri:0, instance:testrunners.AddNewNodeTypeTestCase@3632be31]" name="feature" duration-ms="38270" started-at="2023-02-09T16:24:26Z" description="Runs Cucumber Feature" data-provider="features" finished-at="2023-02-09T16:25:04Z">
          <params>
            <param index="0">
              <value>
                <![CDATA[Add new Node Type Test Case]]>
              </value>
            </param>
          </params>
          <reporter-output>
          </reporter-output>
        </test-method> <!-- feature -->
        <test-method status="PASS" signature="tearDownClass()[pri:0, instance:testrunners.AddNewNodeTypeTestCase@3632be31]" name="tearDownClass" is-config="true" duration-ms="40" started-at="2023-02-09T16:25:04Z" finished-at="2023-02-09T16:25:04Z">
          <reporter-output>
          </reporter-output>
        </test-method> <!-- tearDownClass -->
      </class> <!-- testrunners.AddNewNodeTypeTestCase -->
    </test> <!-- Create new Node Type Test Case -->
    <test name="Edit existing Node Type Test Case" duration-ms="56915" started-at="2023-02-09T10:55:04Z" finished-at="2023-02-09T10:56:01Z">
      <class name="testrunners.EditNodeTypeTestcase">
        <test-method status="PASS" signature="setUpClass()[pri:0, instance:testrunners.EditNodeTypeTestcase@370736d9]" name="setUpClass" is-config="true" duration-ms="9" started-at="2023-02-09T16:25:04Z" finished-at="2023-02-09T16:25:04Z">
          <reporter-output>
          </reporter-output>
        </test-method> <!-- setUpClass -->
        <test-method status="PASS" signature="feature(cucumber.api.testng.CucumberFeatureWrapper)[pri:0, instance:testrunners.EditNodeTypeTestcase@370736d9]" name="feature" duration-ms="56869" started-at="2023-02-09T16:25:05Z" description="Runs Cucumber Feature" data-provider="features" finished-at="2023-02-09T16:26:01Z">
          <params>
            <param index="0">
              <value>
                <![CDATA[Edit existing Node Type Test Case]]>
              </value>
            </param>
          </params>
          <reporter-output>
          </reporter-output>
        </test-method> <!-- feature -->
        <test-method status="PASS" signature="tearDownClass()[pri:0, instance:testrunners.EditNodeTypeTestcase@370736d9]" name="tearDownClass" is-config="true" duration-ms="33" started-at="2023-02-09T16:26:01Z" finished-at="2023-02-09T16:26:01Z">
          <reporter-output>
          </reporter-output>
        </test-method> <!-- tearDownClass -->
      </class> <!-- testrunners.EditNodeTypeTestcase -->
    </test> <!-- Edit existing Node Type Test Case -->
    <test name="Delete existing Node Type Test Case" duration-ms="42488" started-at="2023-02-09T10:56:01Z" finished-at="2023-02-09T10:56:44Z">
      <class name="testrunners.DeleteNodeTypeTestCase">
        <test-method status="PASS" signature="setUpClass()[pri:0, instance:testrunners.DeleteNodeTypeTestCase@6c3708b3]" name="setUpClass" is-config="true" duration-ms="9" started-at="2023-02-09T16:26:01Z" finished-at="2023-02-09T16:26:01Z">
          <reporter-output>
          </reporter-output>
        </test-method> <!-- setUpClass -->
        <test-method status="PASS" signature="feature(cucumber.api.testng.CucumberFeatureWrapper)[pri:0, instance:testrunners.DeleteNodeTypeTestCase@6c3708b3]" name="feature" duration-ms="42439" started-at="2023-02-09T16:26:01Z" description="Runs Cucumber Feature" data-provider="features" finished-at="2023-02-09T16:26:44Z">
          <params>
            <param index="0">
              <value>
                <![CDATA[Delete existing Node Type Test Case]]>
              </value>
            </param>
          </params>
          <reporter-output>
          </reporter-output>
        </test-method> <!-- feature -->
        <test-method status="PASS" signature="tearDownClass()[pri:0, instance:testrunners.DeleteNodeTypeTestCase@6c3708b3]" name="tearDownClass" is-config="true" duration-ms="37" started-at="2023-02-09T16:26:44Z" finished-at="2023-02-09T16:26:44Z">
          <reporter-output>
          </reporter-output>
        </test-method> <!-- tearDownClass -->
      </class> <!-- testrunners.DeleteNodeTypeTestCase -->
    </test> <!-- Delete existing Node Type Test Case -->
    <test name="Creat New Attribute Test Case" duration-ms="54054" started-at="2023-02-09T10:56:44Z" finished-at="2023-02-09T10:57:38Z">
      <class name="testrunners.AddNewAttributeTestCase">
        <test-method status="PASS" signature="setUpClass()[pri:0, instance:testrunners.AddNewAttributeTestCase@6ddf90b0]" name="setUpClass" is-config="true" duration-ms="9" started-at="2023-02-09T16:26:44Z" finished-at="2023-02-09T16:26:44Z">
          <reporter-output>
          </reporter-output>
        </test-method> <!-- setUpClass -->
        <test-method status="PASS" signature="feature(cucumber.api.testng.CucumberFeatureWrapper)[pri:0, instance:testrunners.AddNewAttributeTestCase@6ddf90b0]" name="feature" duration-ms="53929" started-at="2023-02-09T16:26:44Z" description="Runs Cucumber Feature" data-provider="features" finished-at="2023-02-09T16:27:38Z">
          <params>
            <param index="0">
              <value>
                <![CDATA[Add New Attribute Test Case]]>
              </value>
            </param>
          </params>
          <reporter-output>
          </reporter-output>
        </test-method> <!-- feature -->
        <test-method status="PASS" signature="tearDownClass()[pri:0, instance:testrunners.AddNewAttributeTestCase@6ddf90b0]" name="tearDownClass" is-config="true" duration-ms="110" started-at="2023-02-09T16:27:38Z" finished-at="2023-02-09T16:27:38Z">
          <reporter-output>
          </reporter-output>
        </test-method> <!-- tearDownClass -->
      </class> <!-- testrunners.AddNewAttributeTestCase -->
    </test> <!-- Creat New Attribute Test Case -->
    <test name="Edit existing Attribute Test Case" duration-ms="70481" started-at="2023-02-09T10:57:38Z" finished-at="2023-02-09T10:58:48Z">
      <class name="testrunners.EditAttributeTestCase">
        <test-method status="PASS" signature="setUpClass()[pri:0, instance:testrunners.EditAttributeTestCase@7d907bac]" name="setUpClass" is-config="true" duration-ms="14" started-at="2023-02-09T16:27:38Z" finished-at="2023-02-09T16:27:38Z">
          <reporter-output>
          </reporter-output>
        </test-method> <!-- setUpClass -->
        <test-method status="PASS" signature="feature(cucumber.api.testng.CucumberFeatureWrapper)[pri:0, instance:testrunners.EditAttributeTestCase@7d907bac]" name="feature" duration-ms="70416" started-at="2023-02-09T16:27:38Z" description="Runs Cucumber Feature" data-provider="features" finished-at="2023-02-09T16:28:48Z">
          <params>
            <param index="0">
              <value>
                <![CDATA[Edit Existing Attribute Test Case]]>
              </value>
            </param>
          </params>
          <reporter-output>
          </reporter-output>
        </test-method> <!-- feature -->
        <test-method status="PASS" signature="tearDownClass()[pri:0, instance:testrunners.EditAttributeTestCase@7d907bac]" name="tearDownClass" is-config="true" duration-ms="49" started-at="2023-02-09T16:28:48Z" finished-at="2023-02-09T16:28:48Z">
          <reporter-output>
          </reporter-output>
        </test-method> <!-- tearDownClass -->
      </class> <!-- testrunners.EditAttributeTestCase -->
    </test> <!-- Edit existing Attribute Test Case -->
    <test name="Delete existing Attribute Test Case" duration-ms="43858" started-at="2023-02-09T10:58:48Z" finished-at="2023-02-09T10:59:32Z">
      <class name="testrunners.DeleteAttributeTestCase">
        <test-method status="PASS" signature="setUpClass()[pri:0, instance:testrunners.DeleteAttributeTestCase@4f970963]" name="setUpClass" is-config="true" duration-ms="11" started-at="2023-02-09T16:28:48Z" finished-at="2023-02-09T16:28:48Z">
          <reporter-output>
          </reporter-output>
        </test-method> <!-- setUpClass -->
        <test-method status="PASS" signature="feature(cucumber.api.testng.CucumberFeatureWrapper)[pri:0, instance:testrunners.DeleteAttributeTestCase@4f970963]" name="feature" duration-ms="43797" started-at="2023-02-09T16:28:48Z" description="Runs Cucumber Feature" data-provider="features" finished-at="2023-02-09T16:29:32Z">
          <params>
            <param index="0">
              <value>
                <![CDATA[Delete existing Attribute Test Case]]>
              </value>
            </param>
          </params>
          <reporter-output>
          </reporter-output>
        </test-method> <!-- feature -->
        <test-method status="PASS" signature="tearDownClass()[pri:0, instance:testrunners.DeleteAttributeTestCase@4f970963]" name="tearDownClass" is-config="true" duration-ms="47" started-at="2023-02-09T16:29:32Z" finished-at="2023-02-09T16:29:32Z">
          <reporter-output>
          </reporter-output>
        </test-method> <!-- tearDownClass -->
      </class> <!-- testrunners.DeleteAttributeTestCase -->
    </test> <!-- Delete existing Attribute Test Case -->
    <test name="Creat New Attribute Group Test Case" duration-ms="56710" started-at="2023-02-09T10:59:32Z" finished-at="2023-02-09T11:00:29Z">
      <class name="testrunners.AddNewAttributeGroupTestCase">
        <test-method status="PASS" signature="setUpClass()[pri:0, instance:testrunners.AddNewAttributeGroupTestCase@47ef968d]" name="setUpClass" is-config="true" duration-ms="10" started-at="2023-02-09T16:29:32Z" finished-at="2023-02-09T16:29:32Z">
          <reporter-output>
          </reporter-output>
        </test-method> <!-- setUpClass -->
        <test-method status="PASS" signature="feature(cucumber.api.testng.CucumberFeatureWrapper)[pri:0, instance:testrunners.AddNewAttributeGroupTestCase@47ef968d]" name="feature" duration-ms="56641" started-at="2023-02-09T16:29:32Z" description="Runs Cucumber Feature" data-provider="features" finished-at="2023-02-09T16:30:29Z">
          <params>
            <param index="0">
              <value>
                <![CDATA[Add New Attribute Group Test Case]]>
              </value>
            </param>
          </params>
          <reporter-output>
          </reporter-output>
        </test-method> <!-- feature -->
        <test-method status="PASS" signature="tearDownClass()[pri:0, instance:testrunners.AddNewAttributeGroupTestCase@47ef968d]" name="tearDownClass" is-config="true" duration-ms="54" started-at="2023-02-09T16:30:29Z" finished-at="2023-02-09T16:30:29Z">
          <reporter-output>
          </reporter-output>
        </test-method> <!-- tearDownClass -->
      </class> <!-- testrunners.AddNewAttributeGroupTestCase -->
    </test> <!-- Creat New Attribute Group Test Case -->
    <test name="Edit existing Attribute Group Test Case" duration-ms="66886" started-at="2023-02-09T11:00:29Z" finished-at="2023-02-09T11:01:36Z">
      <class name="testrunners.EditAttributeGroupTestCase">
        <test-method status="PASS" signature="setUpClass()[pri:0, instance:testrunners.EditAttributeGroupTestCase@2b552920]" name="setUpClass" is-config="true" duration-ms="5" started-at="2023-02-09T16:30:29Z" finished-at="2023-02-09T16:30:29Z">
          <reporter-output>
          </reporter-output>
        </test-method> <!-- setUpClass -->
        <test-method status="PASS" signature="feature(cucumber.api.testng.CucumberFeatureWrapper)[pri:0, instance:testrunners.EditAttributeGroupTestCase@2b552920]" name="feature" duration-ms="66771" started-at="2023-02-09T16:30:29Z" description="Runs Cucumber Feature" data-provider="features" finished-at="2023-02-09T16:31:36Z">
          <params>
            <param index="0">
              <value>
                <![CDATA[Edit Existing Attribute Group Test Case]]>
              </value>
            </param>
          </params>
          <reporter-output>
          </reporter-output>
        </test-method> <!-- feature -->
        <test-method status="PASS" signature="tearDownClass()[pri:0, instance:testrunners.EditAttributeGroupTestCase@2b552920]" name="tearDownClass" is-config="true" duration-ms="108" started-at="2023-02-09T16:31:36Z" finished-at="2023-02-09T16:31:36Z">
          <reporter-output>
          </reporter-output>
        </test-method> <!-- tearDownClass -->
      </class> <!-- testrunners.EditAttributeGroupTestCase -->
    </test> <!-- Edit existing Attribute Group Test Case -->
    <test name="Delete existing Attribute Group Test Case" duration-ms="45775" started-at="2023-02-09T11:01:36Z" finished-at="2023-02-09T11:02:22Z">
      <class name="testrunners.DeleteAttributeGroupTestCase">
        <test-method status="PASS" signature="setUpClass()[pri:0, instance:testrunners.DeleteAttributeGroupTestCase@6e6c3152]" name="setUpClass" is-config="true" duration-ms="5" started-at="2023-02-09T16:31:36Z" finished-at="2023-02-09T16:31:36Z">
          <reporter-output>
          </reporter-output>
        </test-method> <!-- setUpClass -->
        <test-method status="PASS" signature="feature(cucumber.api.testng.CucumberFeatureWrapper)[pri:0, instance:testrunners.DeleteAttributeGroupTestCase@6e6c3152]" name="feature" duration-ms="45701" started-at="2023-02-09T16:31:36Z" description="Runs Cucumber Feature" data-provider="features" finished-at="2023-02-09T16:32:22Z">
          <params>
            <param index="0">
              <value>
                <![CDATA[Delete Existing Attribute Group Test Case]]>
              </value>
            </param>
          </params>
          <reporter-output>
          </reporter-output>
        </test-method> <!-- feature -->
        <test-method status="PASS" signature="tearDownClass()[pri:0, instance:testrunners.DeleteAttributeGroupTestCase@6e6c3152]" name="tearDownClass" is-config="true" duration-ms="67" started-at="2023-02-09T16:32:22Z" finished-at="2023-02-09T16:32:22Z">
          <reporter-output>
          </reporter-output>
        </test-method> <!-- tearDownClass -->
      </class> <!-- testrunners.DeleteAttributeGroupTestCase -->
    </test> <!-- Delete existing Attribute Group Test Case -->
  </suite> <!-- Pre-Cofig Test Suite -->
</testng-results>
